Analysis & Synthesis report for Final
Thu Dec 29 17:29:27 2022
Quartus II 64-Bit Version 13.0.1 Build 232 06/12/2013 Service Pack 1 SJ Web Edition


---------------------
; Table of Contents ;
---------------------
  1. Legal Notice
  2. Analysis & Synthesis Summary
  3. Analysis & Synthesis Settings
  4. Parallel Compilation
  5. Analysis & Synthesis Source Files Read
  6. Analysis & Synthesis Resource Usage Summary
  7. Analysis & Synthesis Resource Utilization by Entity
  8. Analysis & Synthesis DSP Block Usage Summary
  9. State Machine - |Final|IR_RECEIVE:U2|state
 10. Registers Removed During Synthesis
 11. General Register Statistics
 12. Multiplexer Restructuring Statistics (Restructuring Performed)
 13. Parameter Settings for User Entity Instance: VGA:U1
 14. Parameter Settings for User Entity Instance: IR_RECEIVE:U2
 15. Parameter Settings for Inferred Entity Instance: VGA:U1|lpm_mult:Mult0
 16. Parameter Settings for Inferred Entity Instance: VGA:U1|lpm_mult:Mult1
 17. Parameter Settings for Inferred Entity Instance: VGA:U1|lpm_mult:Mult4
 18. Parameter Settings for Inferred Entity Instance: VGA:U1|lpm_mult:Mult8
 19. Parameter Settings for Inferred Entity Instance: VGA:U1|lpm_mult:Mult13
 20. Parameter Settings for Inferred Entity Instance: VGA:U1|lpm_mult:Mult25
 21. lpm_mult Parameter Settings by Entity Instance
 22. Port Connectivity Checks: "Clock:comb_38"
 23. Port Connectivity Checks: "Debounce:U6"
 24. Port Connectivity Checks: "Debounce:U5"
 25. Port Connectivity Checks: "Debounce:U4"
 26. Port Connectivity Checks: "Debounce:U3"
 27. Port Connectivity Checks: "IR_RECEIVE:U2"
 28. Elapsed Time Per Partition
 29. Analysis & Synthesis Messages
 30. Analysis & Synthesis Suppressed Messages



----------------
; Legal Notice ;
----------------
Copyright (C) 1991-2013 Altera Corporation
Your use of Altera Corporation's design tools, logic functions 
and other software and tools, and its AMPP partner logic 
functions, and any output files from any of the foregoing 
(including device programming or simulation files), and any 
associated documentation or information are expressly subject 
to the terms and conditions of the Altera Program License 
Subscription Agreement, Altera MegaCore Function License 
Agreement, or other applicable license agreement, including, 
without limitation, that your use is for the sole purpose of 
programming logic devices manufactured by Altera and sold by 
Altera or its authorized distributors.  Please refer to the 
applicable agreement for further details.



+--------------------------------------------------------------------------------------+
; Analysis & Synthesis Summary                                                         ;
+------------------------------------+-------------------------------------------------+
; Analysis & Synthesis Status        ; Successful - Thu Dec 29 17:29:27 2022           ;
; Quartus II 64-Bit Version          ; 13.0.1 Build 232 06/12/2013 SP 1 SJ Web Edition ;
; Revision Name                      ; Final                                           ;
; Top-level Entity Name              ; Final                                           ;
; Family                             ; Cyclone IV E                                    ;
; Total logic elements               ; 993                                             ;
;     Total combinational functions  ; 950                                             ;
;     Dedicated logic registers      ; 208                                             ;
; Total registers                    ; 208                                             ;
; Total pins                         ; 78                                              ;
; Total virtual pins                 ; 0                                               ;
; Total memory bits                  ; 0                                               ;
; Embedded Multiplier 9-bit elements ; 12                                              ;
; Total PLLs                         ; 0                                               ;
+------------------------------------+-------------------------------------------------+


+----------------------------------------------------------------------------------------------------------------------+
; Analysis & Synthesis Settings                                                                                        ;
+----------------------------------------------------------------------------+--------------------+--------------------+
; Option                                                                     ; Setting            ; Default Value      ;
+----------------------------------------------------------------------------+--------------------+--------------------+
; Device                                                                     ; EP4CE115F29C7      ;                    ;
; Top-level entity name                                                      ; Final              ; Final              ;
; Family name                                                                ; Cyclone IV E       ; Cyclone IV GX      ;
; Use smart compilation                                                      ; Off                ; Off                ;
; Enable parallel Assembler and TimeQuest Timing Analyzer during compilation ; On                 ; On                 ;
; Enable compact report table                                                ; Off                ; Off                ;
; Restructure Multiplexers                                                   ; Auto               ; Auto               ;
; Create Debugging Nodes for IP Cores                                        ; Off                ; Off                ;
; Preserve fewer node names                                                  ; On                 ; On                 ;
; Disable OpenCore Plus hardware evaluation                                  ; Off                ; Off                ;
; Verilog Version                                                            ; Verilog_2001       ; Verilog_2001       ;
; VHDL Version                                                               ; VHDL_1993          ; VHDL_1993          ;
; State Machine Processing                                                   ; Auto               ; Auto               ;
; Safe State Machine                                                         ; Off                ; Off                ;
; Extract Verilog State Machines                                             ; On                 ; On                 ;
; Extract VHDL State Machines                                                ; On                 ; On                 ;
; Ignore Verilog initial constructs                                          ; Off                ; Off                ;
; Iteration limit for constant Verilog loops                                 ; 5000               ; 5000               ;
; Iteration limit for non-constant Verilog loops                             ; 250                ; 250                ;
; Add Pass-Through Logic to Inferred RAMs                                    ; On                 ; On                 ;
; Infer RAMs from Raw Logic                                                  ; On                 ; On                 ;
; Parallel Synthesis                                                         ; On                 ; On                 ;
; DSP Block Balancing                                                        ; Auto               ; Auto               ;
; NOT Gate Push-Back                                                         ; On                 ; On                 ;
; Power-Up Don't Care                                                        ; On                 ; On                 ;
; Remove Redundant Logic Cells                                               ; Off                ; Off                ;
; Remove Duplicate Registers                                                 ; On                 ; On                 ;
; Ignore CARRY Buffers                                                       ; Off                ; Off                ;
; Ignore CASCADE Buffers                                                     ; Off                ; Off                ;
; Ignore GLOBAL Buffers                                                      ; Off                ; Off                ;
; Ignore ROW GLOBAL Buffers                                                  ; Off                ; Off                ;
; Ignore LCELL Buffers                                                       ; Off                ; Off                ;
; Ignore SOFT Buffers                                                        ; On                 ; On                 ;
; Limit AHDL Integers to 32 Bits                                             ; Off                ; Off                ;
; Optimization Technique                                                     ; Balanced           ; Balanced           ;
; Carry Chain Length                                                         ; 70                 ; 70                 ;
; Auto Carry Chains                                                          ; On                 ; On                 ;
; Auto Open-Drain Pins                                                       ; On                 ; On                 ;
; Perform WYSIWYG Primitive Resynthesis                                      ; Off                ; Off                ;
; Auto ROM Replacement                                                       ; On                 ; On                 ;
; Auto RAM Replacement                                                       ; On                 ; On                 ;
; Auto DSP Block Replacement                                                 ; On                 ; On                 ;
; Auto Shift Register Replacement                                            ; Auto               ; Auto               ;
; Allow Shift Register Merging across Hierarchies                            ; Auto               ; Auto               ;
; Auto Clock Enable Replacement                                              ; On                 ; On                 ;
; Strict RAM Replacement                                                     ; Off                ; Off                ;
; Allow Synchronous Control Signals                                          ; On                 ; On                 ;
; Force Use of Synchronous Clear Signals                                     ; Off                ; Off                ;
; Auto RAM Block Balancing                                                   ; On                 ; On                 ;
; Auto RAM to Logic Cell Conversion                                          ; Off                ; Off                ;
; Auto Resource Sharing                                                      ; Off                ; Off                ;
; Allow Any RAM Size For Recognition                                         ; Off                ; Off                ;
; Allow Any ROM Size For Recognition                                         ; Off                ; Off                ;
; Allow Any Shift Register Size For Recognition                              ; Off                ; Off                ;
; Use LogicLock Constraints during Resource Balancing                        ; On                 ; On                 ;
; Ignore translate_off and synthesis_off directives                          ; Off                ; Off                ;
; Timing-Driven Synthesis                                                    ; On                 ; On                 ;
; Report Parameter Settings                                                  ; On                 ; On                 ;
; Report Source Assignments                                                  ; On                 ; On                 ;
; Report Connectivity Checks                                                 ; On                 ; On                 ;
; Ignore Maximum Fan-Out Assignments                                         ; Off                ; Off                ;
; Synchronization Register Chain Length                                      ; 2                  ; 2                  ;
; PowerPlay Power Optimization                                               ; Normal compilation ; Normal compilation ;
; HDL message level                                                          ; Level2             ; Level2             ;
; Suppress Register Optimization Related Messages                            ; Off                ; Off                ;
; Number of Removed Registers Reported in Synthesis Report                   ; 5000               ; 5000               ;
; Number of Swept Nodes Reported in Synthesis Report                         ; 5000               ; 5000               ;
; Number of Inverted Registers Reported in Synthesis Report                  ; 100                ; 100                ;
; Clock MUX Protection                                                       ; On                 ; On                 ;
; Auto Gated Clock Conversion                                                ; Off                ; Off                ;
; Block Design Naming                                                        ; Auto               ; Auto               ;
; SDC constraint protection                                                  ; Off                ; Off                ;
; Synthesis Effort                                                           ; Auto               ; Auto               ;
; Shift Register Replacement - Allow Asynchronous Clear Signal               ; On                 ; On                 ;
; Pre-Mapping Resynthesis Optimization                                       ; Off                ; Off                ;
; Analysis & Synthesis Message Level                                         ; Medium             ; Medium             ;
; Disable Register Merging Across Hierarchies                                ; Auto               ; Auto               ;
; Resource Aware Inference For Block RAM                                     ; On                 ; On                 ;
; Synthesis Seed                                                             ; 1                  ; 1                  ;
+----------------------------------------------------------------------------+--------------------+--------------------+


Parallel compilation was disabled, but you have multiple processors available. Enable parallel compilation to reduce compilation time.
+-------------------------------------+
; Parallel Compilation                ;
+----------------------------+--------+
; Processors                 ; Number ;
+----------------------------+--------+
; Number detected on machine ; 16     ;
; Maximum allowed            ; 1      ;
+----------------------------+--------+


+--------------------------------------------------------------------------------------------------------------------------------------------------------------------------------------------------+
; Analysis & Synthesis Source Files Read                                                                                                                                                           ;
+----------------------------------+-----------------+------------------------------+----------------------------------------------------------------------------------------------------+---------+
; File Name with User-Entered Path ; Used in Netlist ; File Type                    ; File Name with Absolute Path                                                                       ; Library ;
+----------------------------------+-----------------+------------------------------+----------------------------------------------------------------------------------------------------+---------+
; Final.v                          ; yes             ; User Verilog HDL File        ; C:/Users/dht98/Downloads/NKUST/NKUST_Digital_System_Design_110/111-1/Final Project/Final.v         ;         ;
; lpm_mult.tdf                     ; yes             ; Megafunction                 ; c:/altera/13.0sp1/quartus/libraries/megafunctions/lpm_mult.tdf                                     ;         ;
; aglobal130.inc                   ; yes             ; Megafunction                 ; c:/altera/13.0sp1/quartus/libraries/megafunctions/aglobal130.inc                                   ;         ;
; lpm_add_sub.inc                  ; yes             ; Megafunction                 ; c:/altera/13.0sp1/quartus/libraries/megafunctions/lpm_add_sub.inc                                  ;         ;
; multcore.inc                     ; yes             ; Megafunction                 ; c:/altera/13.0sp1/quartus/libraries/megafunctions/multcore.inc                                     ;         ;
; bypassff.inc                     ; yes             ; Megafunction                 ; c:/altera/13.0sp1/quartus/libraries/megafunctions/bypassff.inc                                     ;         ;
; altshift.inc                     ; yes             ; Megafunction                 ; c:/altera/13.0sp1/quartus/libraries/megafunctions/altshift.inc                                     ;         ;
; db/mult_56t.tdf                  ; yes             ; Auto-Generated Megafunction  ; C:/Users/dht98/Downloads/NKUST/NKUST_Digital_System_Design_110/111-1/Final Project/db/mult_56t.tdf ;         ;
+----------------------------------+-----------------+------------------------------+----------------------------------------------------------------------------------------------------+---------+


+------------------------------------------------------------+
; Analysis & Synthesis Resource Usage Summary                ;
+---------------------------------------------+--------------+
; Resource                                    ; Usage        ;
+---------------------------------------------+--------------+
; Estimated Total logic elements              ; 993          ;
;                                             ;              ;
; Total combinational functions               ; 950          ;
; Logic element usage by number of LUT inputs ;              ;
;     -- 4 input functions                    ; 357          ;
;     -- 3 input functions                    ; 355          ;
;     -- <=2 input functions                  ; 238          ;
;                                             ;              ;
; Logic elements by mode                      ;              ;
;     -- normal mode                          ; 537          ;
;     -- arithmetic mode                      ; 413          ;
;                                             ;              ;
; Total registers                             ; 208          ;
;     -- Dedicated logic registers            ; 208          ;
;     -- I/O registers                        ; 0            ;
;                                             ;              ;
; I/O pins                                    ; 78           ;
; Embedded Multiplier 9-bit elements          ; 12           ;
; Maximum fan-out node                        ; KEY[0]~input ;
; Maximum fan-out                             ; 146          ;
; Total fan-out                               ; 3888         ;
; Average fan-out                             ; 2.93         ;
+---------------------------------------------+--------------+


+-----------------------------------------------------------------------------------------------------------------------------------------------------------------------------------------------------------------------+
; Analysis & Synthesis Resource Utilization by Entity                                                                                                                                                                   ;
+------------------------------------+-------------------+--------------+-------------+--------------+---------+-----------+------+--------------+-------------------------------------------------------+--------------+
; Compilation Hierarchy Node         ; LC Combinationals ; LC Registers ; Memory Bits ; DSP Elements ; DSP 9x9 ; DSP 18x18 ; Pins ; Virtual Pins ; Full Hierarchy Name                                   ; Library Name ;
+------------------------------------+-------------------+--------------+-------------+--------------+---------+-----------+------+--------------+-------------------------------------------------------+--------------+
; |Final                             ; 950 (33)          ; 208 (20)     ; 0           ; 12           ; 0       ; 6         ; 78   ; 0            ; |Final                                                ; work         ;
;    |IR_RECEIVE:U2|                 ; 128 (128)         ; 99 (99)      ; 0           ; 0            ; 0       ; 0         ; 0    ; 0            ; |Final|IR_RECEIVE:U2                                  ; work         ;
;    |VGA:U1|                        ; 789 (789)         ; 89 (89)      ; 0           ; 12           ; 0       ; 6         ; 0    ; 0            ; |Final|VGA:U1                                         ; work         ;
;       |lpm_mult:Mult0|             ; 0 (0)             ; 0 (0)        ; 0           ; 2            ; 0       ; 1         ; 0    ; 0            ; |Final|VGA:U1|lpm_mult:Mult0                          ; work         ;
;          |mult_56t:auto_generated| ; 0 (0)             ; 0 (0)        ; 0           ; 2            ; 0       ; 1         ; 0    ; 0            ; |Final|VGA:U1|lpm_mult:Mult0|mult_56t:auto_generated  ; work         ;
;       |lpm_mult:Mult13|            ; 0 (0)             ; 0 (0)        ; 0           ; 2            ; 0       ; 1         ; 0    ; 0            ; |Final|VGA:U1|lpm_mult:Mult13                         ; work         ;
;          |mult_56t:auto_generated| ; 0 (0)             ; 0 (0)        ; 0           ; 2            ; 0       ; 1         ; 0    ; 0            ; |Final|VGA:U1|lpm_mult:Mult13|mult_56t:auto_generated ; work         ;
;       |lpm_mult:Mult1|             ; 0 (0)             ; 0 (0)        ; 0           ; 2            ; 0       ; 1         ; 0    ; 0            ; |Final|VGA:U1|lpm_mult:Mult1                          ; work         ;
;          |mult_56t:auto_generated| ; 0 (0)             ; 0 (0)        ; 0           ; 2            ; 0       ; 1         ; 0    ; 0            ; |Final|VGA:U1|lpm_mult:Mult1|mult_56t:auto_generated  ; work         ;
;       |lpm_mult:Mult25|            ; 0 (0)             ; 0 (0)        ; 0           ; 2            ; 0       ; 1         ; 0    ; 0            ; |Final|VGA:U1|lpm_mult:Mult25                         ; work         ;
;          |mult_56t:auto_generated| ; 0 (0)             ; 0 (0)        ; 0           ; 2            ; 0       ; 1         ; 0    ; 0            ; |Final|VGA:U1|lpm_mult:Mult25|mult_56t:auto_generated ; work         ;
;       |lpm_mult:Mult4|             ; 0 (0)             ; 0 (0)        ; 0           ; 2            ; 0       ; 1         ; 0    ; 0            ; |Final|VGA:U1|lpm_mult:Mult4                          ; work         ;
;          |mult_56t:auto_generated| ; 0 (0)             ; 0 (0)        ; 0           ; 2            ; 0       ; 1         ; 0    ; 0            ; |Final|VGA:U1|lpm_mult:Mult4|mult_56t:auto_generated  ; work         ;
;       |lpm_mult:Mult8|             ; 0 (0)             ; 0 (0)        ; 0           ; 2            ; 0       ; 1         ; 0    ; 0            ; |Final|VGA:U1|lpm_mult:Mult8                          ; work         ;
;          |mult_56t:auto_generated| ; 0 (0)             ; 0 (0)        ; 0           ; 2            ; 0       ; 1         ; 0    ; 0            ; |Final|VGA:U1|lpm_mult:Mult8|mult_56t:auto_generated  ; work         ;
+------------------------------------+-------------------+--------------+-------------+--------------+---------+-----------+------+--------------+-------------------------------------------------------+--------------+
Note: For table entries with two numbers listed, the numbers in parentheses indicate the number of resources of the given type used by the specific entity alone. The numbers listed outside of parentheses indicate the total resources of the given type used by the specific entity and all of its sub-entities in the hierarchy.


+-----------------------------------------------------+
; Analysis & Synthesis DSP Block Usage Summary        ;
+---------------------------------------+-------------+
; Statistic                             ; Number Used ;
+---------------------------------------+-------------+
; Simple Multipliers (9-bit)            ; 0           ;
; Simple Multipliers (18-bit)           ; 6           ;
; Embedded Multiplier Blocks            ; --          ;
; Embedded Multiplier 9-bit elements    ; 12          ;
; Signed Embedded Multipliers           ; 6           ;
; Unsigned Embedded Multipliers         ; 0           ;
; Mixed Sign Embedded Multipliers       ; 0           ;
; Variable Sign Embedded Multipliers    ; 0           ;
; Dedicated Input Shift Register Chains ; 0           ;
+---------------------------------------+-------------+
Note: number of Embedded Multiplier Blocks used is only available after a successful fit.


Encoding Type:  One-Hot
+---------------------------------------------------------------+
; State Machine - |Final|IR_RECEIVE:U2|state                    ;
+----------------+------------+----------------+----------------+
; Name           ; state.IDLE ; state.DATAREAD ; state.GUIDANCE ;
+----------------+------------+----------------+----------------+
; state.IDLE     ; 0          ; 0              ; 0              ;
; state.GUIDANCE ; 1          ; 0              ; 1              ;
; state.DATAREAD ; 1          ; 1              ; 0              ;
+----------------+------------+----------------+----------------+


+------------------------------------------------------------------+
; Registers Removed During Synthesis                               ;
+---------------------------------------+--------------------------+
; Register name                         ; Reason for Removal       ;
+---------------------------------------+--------------------------+
; VGA:U1|Y[11,12]                       ; Merged with VGA:U1|Y[10] ;
; VGA:U1|X[12]                          ; Merged with VGA:U1|X[11] ;
; Total Number of Removed Registers = 3 ;                          ;
+---------------------------------------+--------------------------+


+------------------------------------------------------+
; General Register Statistics                          ;
+----------------------------------------------+-------+
; Statistic                                    ; Value ;
+----------------------------------------------+-------+
; Total registers                              ; 208   ;
; Number of registers using Synchronous Clear  ; 116   ;
; Number of registers using Synchronous Load   ; 10    ;
; Number of registers using Asynchronous Clear ; 91    ;
; Number of registers using Asynchronous Load  ; 0     ;
; Number of registers using Clock Enable       ; 99    ;
; Number of registers using Preset             ; 0     ;
+----------------------------------------------+-------+


+------------------------------------------------------------------------------------------------------------------------------------------------+
; Multiplexer Restructuring Statistics (Restructuring Performed)                                                                                 ;
+--------------------+-----------+---------------+----------------------+------------------------+------------+----------------------------------+
; Multiplexer Inputs ; Bus Width ; Baseline Area ; Area if Restructured ; Saving if Restructured ; Registered ; Example Multiplexer Output       ;
+--------------------+-----------+---------------+----------------------+------------------------+------------+----------------------------------+
; 3:1                ; 11 bits   ; 22 LEs        ; 11 LEs               ; 11 LEs                 ; Yes        ; |Final|VGA:U1|counterHS[5]       ;
; 3:1                ; 6 bits    ; 12 LEs        ; 6 LEs                ; 6 LEs                  ; Yes        ; |Final|IR_RECEIVE:U2|bitcount[3] ;
; 4:1                ; 10 bits   ; 20 LEs        ; 10 LEs               ; 10 LEs                 ; Yes        ; |Final|VGA:U1|counterVS[1]       ;
; 257:1              ; 2 bits    ; 342 LEs       ; 2 LEs                ; 340 LEs                ; Yes        ; |Final|result_in[1]              ;
; 257:1              ; 2 bits    ; 342 LEs       ; 2 LEs                ; 340 LEs                ; Yes        ; |Final|result_in[2]              ;
; 257:1              ; 2 bits    ; 342 LEs       ; 2 LEs                ; 340 LEs                ; Yes        ; |Final|result_in[5]              ;
; 257:1              ; 2 bits    ; 342 LEs       ; 2 LEs                ; 340 LEs                ; Yes        ; |Final|result_in[7]              ;
; 257:1              ; 2 bits    ; 342 LEs       ; 2 LEs                ; 340 LEs                ; Yes        ; |Final|result_in[9]              ;
; 257:1              ; 2 bits    ; 342 LEs       ; 2 LEs                ; 340 LEs                ; Yes        ; |Final|result_in[10]             ;
; 257:1              ; 2 bits    ; 342 LEs       ; 2 LEs                ; 340 LEs                ; Yes        ; |Final|result_in[12]             ;
; 257:1              ; 2 bits    ; 342 LEs       ; 2 LEs                ; 340 LEs                ; Yes        ; |Final|result_in[14]             ;
; 257:1              ; 2 bits    ; 342 LEs       ; 2 LEs                ; 340 LEs                ; Yes        ; |Final|result_in[17]             ;
; 21:1               ; 18 bits   ; 252 LEs       ; 18 LEs               ; 234 LEs                ; Yes        ; |Final|VGA:U1|TicTac[7]          ;
; 3:1                ; 2 bits    ; 4 LEs         ; 4 LEs                ; 0 LEs                  ; No         ; |Final|VGA:U1|VGA_R              ;
; 4:1                ; 2 bits    ; 4 LEs         ; 2 LEs                ; 2 LEs                  ; No         ; |Final|VGA:U1|VGA_R              ;
; 6:1                ; 3 bits    ; 12 LEs        ; 6 LEs                ; 6 LEs                  ; No         ; |Final|IR_RECEIVE:U2|Selector2   ;
; 35:1               ; 4 bits    ; 92 LEs        ; 72 LEs               ; 20 LEs                 ; No         ; |Final|VGA:U1|VGA_R              ;
+--------------------+-----------+---------------+----------------------+------------------------+------------+----------------------------------+


+-----------------------------------------------------+
; Parameter Settings for User Entity Instance: VGA:U1 ;
+----------------+-------+----------------------------+
; Parameter Name ; Value ; Type                       ;
+----------------+-------+----------------------------+
; H_FRONT        ; 16    ; Signed Integer             ;
; H_SYNC         ; 96    ; Signed Integer             ;
; H_BACK         ; 48    ; Signed Integer             ;
; H_ACT          ; 640   ; Signed Integer             ;
; H_BLANK        ; 160   ; Signed Integer             ;
; H_TOTAL        ; 800   ; Signed Integer             ;
; V_FRONT        ; 11    ; Signed Integer             ;
; V_SYNC         ; 2     ; Signed Integer             ;
; V_BACK         ; 32    ; Signed Integer             ;
; V_ACT          ; 480   ; Signed Integer             ;
; V_BLANK        ; 45    ; Signed Integer             ;
; V_TOTAL        ; 525   ; Signed Integer             ;
+----------------+-------+----------------------------+
Note: In order to hide this table in the UI and the text report file, please set the "Show Parameter Settings in Synthesis Report" option in "Analysis and Synthesis Settings -> More Settings" to "Off".


+------------------------------------------------------------+
; Parameter Settings for User Entity Instance: IR_RECEIVE:U2 ;
+-------------------+--------+-------------------------------+
; Parameter Name    ; Value  ; Type                          ;
+-------------------+--------+-------------------------------+
; IDLE              ; 00     ; Unsigned Binary               ;
; GUIDANCE          ; 01     ; Unsigned Binary               ;
; DATAREAD          ; 10     ; Unsigned Binary               ;
; IDLE_DUR          ; 230000 ; Signed Integer                ;
; GUIDANCE_DUR      ; 210000 ; Signed Integer                ;
; DATAREAD_DUR      ; 262143 ; Signed Integer                ;
; DATA_HIGH_DUR     ; 41500  ; Signed Integer                ;
; BIT_AVAILABLE_DUR ; 20000  ; Signed Integer                ;
+-------------------+--------+-------------------------------+
Note: In order to hide this table in the UI and the text report file, please set the "Show Parameter Settings in Synthesis Report" option in "Analysis and Synthesis Settings -> More Settings" to "Off".


+-------------------------------------------------------------------------------------+
; Parameter Settings for Inferred Entity Instance: VGA:U1|lpm_mult:Mult0              ;
+------------------------------------------------+--------------+---------------------+
; Parameter Name                                 ; Value        ; Type                ;
+------------------------------------------------+--------------+---------------------+
; AUTO_CARRY_CHAINS                              ; ON           ; AUTO_CARRY          ;
; IGNORE_CARRY_BUFFERS                           ; OFF          ; IGNORE_CARRY        ;
; AUTO_CASCADE_CHAINS                            ; ON           ; AUTO_CASCADE        ;
; IGNORE_CASCADE_BUFFERS                         ; OFF          ; IGNORE_CASCADE      ;
; LPM_WIDTHA                                     ; 14           ; Untyped             ;
; LPM_WIDTHB                                     ; 14           ; Untyped             ;
; LPM_WIDTHP                                     ; 28           ; Untyped             ;
; LPM_WIDTHR                                     ; 28           ; Untyped             ;
; LPM_WIDTHS                                     ; 1            ; Untyped             ;
; LPM_REPRESENTATION                             ; SIGNED       ; Untyped             ;
; LPM_PIPELINE                                   ; 0            ; Untyped             ;
; LATENCY                                        ; 0            ; Untyped             ;
; INPUT_A_IS_CONSTANT                            ; NO           ; Untyped             ;
; INPUT_B_IS_CONSTANT                            ; NO           ; Untyped             ;
; USE_EAB                                        ; OFF          ; Untyped             ;
; MAXIMIZE_SPEED                                 ; 6            ; Untyped             ;
; DEVICE_FAMILY                                  ; Cyclone IV E ; Untyped             ;
; CARRY_CHAIN                                    ; MANUAL       ; Untyped             ;
; APEX20K_TECHNOLOGY_MAPPER                      ; LUT          ; TECH_MAPPER_APEX20K ;
; DEDICATED_MULTIPLIER_CIRCUITRY                 ; AUTO         ; Untyped             ;
; DEDICATED_MULTIPLIER_MIN_INPUT_WIDTH_FOR_AUTO  ; 0            ; Untyped             ;
; DEDICATED_MULTIPLIER_MIN_OUTPUT_WIDTH_FOR_AUTO ; 0            ; Untyped             ;
; CBXI_PARAMETER                                 ; mult_56t     ; Untyped             ;
; INPUT_A_FIXED_VALUE                            ; Bx           ; Untyped             ;
; INPUT_B_FIXED_VALUE                            ; Bx           ; Untyped             ;
; USE_AHDL_IMPLEMENTATION                        ; OFF          ; Untyped             ;
+------------------------------------------------+--------------+---------------------+
Note: In order to hide this table in the UI and the text report file, please set the "Show Parameter Settings in Synthesis Report" option in "Analysis and Synthesis Settings -> More Settings" to "Off".


+-------------------------------------------------------------------------------------+
; Parameter Settings for Inferred Entity Instance: VGA:U1|lpm_mult:Mult1              ;
+------------------------------------------------+--------------+---------------------+
; Parameter Name                                 ; Value        ; Type                ;
+------------------------------------------------+--------------+---------------------+
; AUTO_CARRY_CHAINS                              ; ON           ; AUTO_CARRY          ;
; IGNORE_CARRY_BUFFERS                           ; OFF          ; IGNORE_CARRY        ;
; AUTO_CASCADE_CHAINS                            ; ON           ; AUTO_CASCADE        ;
; IGNORE_CASCADE_BUFFERS                         ; OFF          ; IGNORE_CASCADE      ;
; LPM_WIDTHA                                     ; 14           ; Untyped             ;
; LPM_WIDTHB                                     ; 14           ; Untyped             ;
; LPM_WIDTHP                                     ; 28           ; Untyped             ;
; LPM_WIDTHR                                     ; 28           ; Untyped             ;
; LPM_WIDTHS                                     ; 1            ; Untyped             ;
; LPM_REPRESENTATION                             ; SIGNED       ; Untyped             ;
; LPM_PIPELINE                                   ; 0            ; Untyped             ;
; LATENCY                                        ; 0            ; Untyped             ;
; INPUT_A_IS_CONSTANT                            ; NO           ; Untyped             ;
; INPUT_B_IS_CONSTANT                            ; NO           ; Untyped             ;
; USE_EAB                                        ; OFF          ; Untyped             ;
; MAXIMIZE_SPEED                                 ; 6            ; Untyped             ;
; DEVICE_FAMILY                                  ; Cyclone IV E ; Untyped             ;
; CARRY_CHAIN                                    ; MANUAL       ; Untyped             ;
; APEX20K_TECHNOLOGY_MAPPER                      ; LUT          ; TECH_MAPPER_APEX20K ;
; DEDICATED_MULTIPLIER_CIRCUITRY                 ; AUTO         ; Untyped             ;
; DEDICATED_MULTIPLIER_MIN_INPUT_WIDTH_FOR_AUTO  ; 0            ; Untyped             ;
; DEDICATED_MULTIPLIER_MIN_OUTPUT_WIDTH_FOR_AUTO ; 0            ; Untyped             ;
; CBXI_PARAMETER                                 ; mult_56t     ; Untyped             ;
; INPUT_A_FIXED_VALUE                            ; Bx           ; Untyped             ;
; INPUT_B_FIXED_VALUE                            ; Bx           ; Untyped             ;
; USE_AHDL_IMPLEMENTATION                        ; OFF          ; Untyped             ;
+------------------------------------------------+--------------+---------------------+
Note: In order to hide this table in the UI and the text report file, please set the "Show Parameter Settings in Synthesis Report" option in "Analysis and Synthesis Settings -> More Settings" to "Off".


+-------------------------------------------------------------------------------------+
; Parameter Settings for Inferred Entity Instance: VGA:U1|lpm_mult:Mult4              ;
+------------------------------------------------+--------------+---------------------+
; Parameter Name                                 ; Value        ; Type                ;
+------------------------------------------------+--------------+---------------------+
; AUTO_CARRY_CHAINS                              ; ON           ; AUTO_CARRY          ;
; IGNORE_CARRY_BUFFERS                           ; OFF          ; IGNORE_CARRY        ;
; AUTO_CASCADE_CHAINS                            ; ON           ; AUTO_CASCADE        ;
; IGNORE_CASCADE_BUFFERS                         ; OFF          ; IGNORE_CASCADE      ;
; LPM_WIDTHA                                     ; 14           ; Untyped             ;
; LPM_WIDTHB                                     ; 14           ; Untyped             ;
; LPM_WIDTHP                                     ; 28           ; Untyped             ;
; LPM_WIDTHR                                     ; 28           ; Untyped             ;
; LPM_WIDTHS                                     ; 1            ; Untyped             ;
; LPM_REPRESENTATION                             ; SIGNED       ; Untyped             ;
; LPM_PIPELINE                                   ; 0            ; Untyped             ;
; LATENCY                                        ; 0            ; Untyped             ;
; INPUT_A_IS_CONSTANT                            ; NO           ; Untyped             ;
; INPUT_B_IS_CONSTANT                            ; NO           ; Untyped             ;
; USE_EAB                                        ; OFF          ; Untyped             ;
; MAXIMIZE_SPEED                                 ; 6            ; Untyped             ;
; DEVICE_FAMILY                                  ; Cyclone IV E ; Untyped             ;
; CARRY_CHAIN                                    ; MANUAL       ; Untyped             ;
; APEX20K_TECHNOLOGY_MAPPER                      ; LUT          ; TECH_MAPPER_APEX20K ;
; DEDICATED_MULTIPLIER_CIRCUITRY                 ; AUTO         ; Untyped             ;
; DEDICATED_MULTIPLIER_MIN_INPUT_WIDTH_FOR_AUTO  ; 0            ; Untyped             ;
; DEDICATED_MULTIPLIER_MIN_OUTPUT_WIDTH_FOR_AUTO ; 0            ; Untyped             ;
; CBXI_PARAMETER                                 ; mult_56t     ; Untyped             ;
; INPUT_A_FIXED_VALUE                            ; Bx           ; Untyped             ;
; INPUT_B_FIXED_VALUE                            ; Bx           ; Untyped             ;
; USE_AHDL_IMPLEMENTATION                        ; OFF          ; Untyped             ;
+------------------------------------------------+--------------+---------------------+
Note: In order to hide this table in the UI and the text report file, please set the "Show Parameter Settings in Synthesis Report" option in "Analysis and Synthesis Settings -> More Settings" to "Off".


+-------------------------------------------------------------------------------------+
; Parameter Settings for Inferred Entity Instance: VGA:U1|lpm_mult:Mult8              ;
+------------------------------------------------+--------------+---------------------+
; Parameter Name                                 ; Value        ; Type                ;
+------------------------------------------------+--------------+---------------------+
; AUTO_CARRY_CHAINS                              ; ON           ; AUTO_CARRY          ;
; IGNORE_CARRY_BUFFERS                           ; OFF          ; IGNORE_CARRY        ;
; AUTO_CASCADE_CHAINS                            ; ON           ; AUTO_CASCADE        ;
; IGNORE_CASCADE_BUFFERS                         ; OFF          ; IGNORE_CASCADE      ;
; LPM_WIDTHA                                     ; 14           ; Untyped             ;
; LPM_WIDTHB                                     ; 14           ; Untyped             ;
; LPM_WIDTHP                                     ; 28           ; Untyped             ;
; LPM_WIDTHR                                     ; 28           ; Untyped             ;
; LPM_WIDTHS                                     ; 1            ; Untyped             ;
; LPM_REPRESENTATION                             ; SIGNED       ; Untyped             ;
; LPM_PIPELINE                                   ; 0            ; Untyped             ;
; LATENCY                                        ; 0            ; Untyped             ;
; INPUT_A_IS_CONSTANT                            ; NO           ; Untyped             ;
; INPUT_B_IS_CONSTANT                            ; NO           ; Untyped             ;
; USE_EAB                                        ; OFF          ; Untyped             ;
; MAXIMIZE_SPEED                                 ; 6            ; Untyped             ;
; DEVICE_FAMILY                                  ; Cyclone IV E ; Untyped             ;
; CARRY_CHAIN                                    ; MANUAL       ; Untyped             ;
; APEX20K_TECHNOLOGY_MAPPER                      ; LUT          ; TECH_MAPPER_APEX20K ;
; DEDICATED_MULTIPLIER_CIRCUITRY                 ; AUTO         ; Untyped             ;
; DEDICATED_MULTIPLIER_MIN_INPUT_WIDTH_FOR_AUTO  ; 0            ; Untyped             ;
; DEDICATED_MULTIPLIER_MIN_OUTPUT_WIDTH_FOR_AUTO ; 0            ; Untyped             ;
; CBXI_PARAMETER                                 ; mult_56t     ; Untyped             ;
; INPUT_A_FIXED_VALUE                            ; Bx           ; Untyped             ;
; INPUT_B_FIXED_VALUE                            ; Bx           ; Untyped             ;
; USE_AHDL_IMPLEMENTATION                        ; OFF          ; Untyped             ;
+------------------------------------------------+--------------+---------------------+
Note: In order to hide this table in the UI and the text report file, please set the "Show Parameter Settings in Synthesis Report" option in "Analysis and Synthesis Settings -> More Settings" to "Off".


+-------------------------------------------------------------------------------------+
; Parameter Settings for Inferred Entity Instance: VGA:U1|lpm_mult:Mult13             ;
+------------------------------------------------+--------------+---------------------+
; Parameter Name                                 ; Value        ; Type                ;
+------------------------------------------------+--------------+---------------------+
; AUTO_CARRY_CHAINS                              ; ON           ; AUTO_CARRY          ;
; IGNORE_CARRY_BUFFERS                           ; OFF          ; IGNORE_CARRY        ;
; AUTO_CASCADE_CHAINS                            ; ON           ; AUTO_CASCADE        ;
; IGNORE_CASCADE_BUFFERS                         ; OFF          ; IGNORE_CASCADE      ;
; LPM_WIDTHA                                     ; 14           ; Untyped             ;
; LPM_WIDTHB                                     ; 14           ; Untyped             ;
; LPM_WIDTHP                                     ; 28           ; Untyped             ;
; LPM_WIDTHR                                     ; 28           ; Untyped             ;
; LPM_WIDTHS                                     ; 1            ; Untyped             ;
; LPM_REPRESENTATION                             ; SIGNED       ; Untyped             ;
; LPM_PIPELINE                                   ; 0            ; Untyped             ;
; LATENCY                                        ; 0            ; Untyped             ;
; INPUT_A_IS_CONSTANT                            ; NO           ; Untyped             ;
; INPUT_B_IS_CONSTANT                            ; NO           ; Untyped             ;
; USE_EAB                                        ; OFF          ; Untyped             ;
; MAXIMIZE_SPEED                                 ; 6            ; Untyped             ;
; DEVICE_FAMILY                                  ; Cyclone IV E ; Untyped             ;
; CARRY_CHAIN                                    ; MANUAL       ; Untyped             ;
; APEX20K_TECHNOLOGY_MAPPER                      ; LUT          ; TECH_MAPPER_APEX20K ;
; DEDICATED_MULTIPLIER_CIRCUITRY                 ; AUTO         ; Untyped             ;
; DEDICATED_MULTIPLIER_MIN_INPUT_WIDTH_FOR_AUTO  ; 0            ; Untyped             ;
; DEDICATED_MULTIPLIER_MIN_OUTPUT_WIDTH_FOR_AUTO ; 0            ; Untyped             ;
; CBXI_PARAMETER                                 ; mult_56t     ; Untyped             ;
; INPUT_A_FIXED_VALUE                            ; Bx           ; Untyped             ;
; INPUT_B_FIXED_VALUE                            ; Bx           ; Untyped             ;
; USE_AHDL_IMPLEMENTATION                        ; OFF          ; Untyped             ;
+------------------------------------------------+--------------+---------------------+
Note: In order to hide this table in the UI and the text report file, please set the "Show Parameter Settings in Synthesis Report" option in "Analysis and Synthesis Settings -> More Settings" to "Off".


+-------------------------------------------------------------------------------------+
; Parameter Settings for Inferred Entity Instance: VGA:U1|lpm_mult:Mult25             ;
+------------------------------------------------+--------------+---------------------+
; Parameter Name                                 ; Value        ; Type                ;
+------------------------------------------------+--------------+---------------------+
; AUTO_CARRY_CHAINS                              ; ON           ; AUTO_CARRY          ;
; IGNORE_CARRY_BUFFERS                           ; OFF          ; IGNORE_CARRY        ;
; AUTO_CASCADE_CHAINS                            ; ON           ; AUTO_CASCADE        ;
; IGNORE_CASCADE_BUFFERS                         ; OFF          ; IGNORE_CASCADE      ;
; LPM_WIDTHA                                     ; 14           ; Untyped             ;
; LPM_WIDTHB                                     ; 14           ; Untyped             ;
; LPM_WIDTHP                                     ; 28           ; Untyped             ;
; LPM_WIDTHR                                     ; 28           ; Untyped             ;
; LPM_WIDTHS                                     ; 1            ; Untyped             ;
; LPM_REPRESENTATION                             ; SIGNED       ; Untyped             ;
; LPM_PIPELINE                                   ; 0            ; Untyped             ;
; LATENCY                                        ; 0            ; Untyped             ;
; INPUT_A_IS_CONSTANT                            ; NO           ; Untyped             ;
; INPUT_B_IS_CONSTANT                            ; NO           ; Untyped             ;
; USE_EAB                                        ; OFF          ; Untyped             ;
; MAXIMIZE_SPEED                                 ; 6            ; Untyped             ;
; DEVICE_FAMILY                                  ; Cyclone IV E ; Untyped             ;
; CARRY_CHAIN                                    ; MANUAL       ; Untyped             ;
; APEX20K_TECHNOLOGY_MAPPER                      ; LUT          ; TECH_MAPPER_APEX20K ;
; DEDICATED_MULTIPLIER_CIRCUITRY                 ; AUTO         ; Untyped             ;
; DEDICATED_MULTIPLIER_MIN_INPUT_WIDTH_FOR_AUTO  ; 0            ; Untyped             ;
; DEDICATED_MULTIPLIER_MIN_OUTPUT_WIDTH_FOR_AUTO ; 0            ; Untyped             ;
; CBXI_PARAMETER                                 ; mult_56t     ; Untyped             ;
; INPUT_A_FIXED_VALUE                            ; Bx           ; Untyped             ;
; INPUT_B_FIXED_VALUE                            ; Bx           ; Untyped             ;
; USE_AHDL_IMPLEMENTATION                        ; OFF          ; Untyped             ;
+------------------------------------------------+--------------+---------------------+
Note: In order to hide this table in the UI and the text report file, please set the "Show Parameter Settings in Synthesis Report" option in "Analysis and Synthesis Settings -> More Settings" to "Off".


+----------------------------------------------------------------+
; lpm_mult Parameter Settings by Entity Instance                 ;
+---------------------------------------+------------------------+
; Name                                  ; Value                  ;
+---------------------------------------+------------------------+
; Number of entity instances            ; 6                      ;
; Entity Instance                       ; VGA:U1|lpm_mult:Mult0  ;
;     -- LPM_WIDTHA                     ; 14                     ;
;     -- LPM_WIDTHB                     ; 14                     ;
;     -- LPM_WIDTHP                     ; 28                     ;
;     -- LPM_REPRESENTATION             ; SIGNED                 ;
;     -- INPUT_A_IS_CONSTANT            ; NO                     ;
;     -- INPUT_B_IS_CONSTANT            ; NO                     ;
;     -- USE_EAB                        ; OFF                    ;
;     -- DEDICATED_MULTIPLIER_CIRCUITRY ; AUTO                   ;
;     -- INPUT_A_FIXED_VALUE            ; Bx                     ;
;     -- INPUT_B_FIXED_VALUE            ; Bx                     ;
; Entity Instance                       ; VGA:U1|lpm_mult:Mult1  ;
;     -- LPM_WIDTHA                     ; 14                     ;
;     -- LPM_WIDTHB                     ; 14                     ;
;     -- LPM_WIDTHP                     ; 28                     ;
;     -- LPM_REPRESENTATION             ; SIGNED                 ;
;     -- INPUT_A_IS_CONSTANT            ; NO                     ;
;     -- INPUT_B_IS_CONSTANT            ; NO                     ;
;     -- USE_EAB                        ; OFF                    ;
;     -- DEDICATED_MULTIPLIER_CIRCUITRY ; AUTO                   ;
;     -- INPUT_A_FIXED_VALUE            ; Bx                     ;
;     -- INPUT_B_FIXED_VALUE            ; Bx                     ;
; Entity Instance                       ; VGA:U1|lpm_mult:Mult4  ;
;     -- LPM_WIDTHA                     ; 14                     ;
;     -- LPM_WIDTHB                     ; 14                     ;
;     -- LPM_WIDTHP                     ; 28                     ;
;     -- LPM_REPRESENTATION             ; SIGNED                 ;
;     -- INPUT_A_IS_CONSTANT            ; NO                     ;
;     -- INPUT_B_IS_CONSTANT            ; NO                     ;
;     -- USE_EAB                        ; OFF                    ;
;     -- DEDICATED_MULTIPLIER_CIRCUITRY ; AUTO                   ;
;     -- INPUT_A_FIXED_VALUE            ; Bx                     ;
;     -- INPUT_B_FIXED_VALUE            ; Bx                     ;
; Entity Instance                       ; VGA:U1|lpm_mult:Mult8  ;
;     -- LPM_WIDTHA                     ; 14                     ;
;     -- LPM_WIDTHB                     ; 14                     ;
;     -- LPM_WIDTHP                     ; 28                     ;
;     -- LPM_REPRESENTATION             ; SIGNED                 ;
;     -- INPUT_A_IS_CONSTANT            ; NO                     ;
;     -- INPUT_B_IS_CONSTANT            ; NO                     ;
;     -- USE_EAB                        ; OFF                    ;
;     -- DEDICATED_MULTIPLIER_CIRCUITRY ; AUTO                   ;
;     -- INPUT_A_FIXED_VALUE            ; Bx                     ;
;     -- INPUT_B_FIXED_VALUE            ; Bx                     ;
; Entity Instance                       ; VGA:U1|lpm_mult:Mult13 ;
;     -- LPM_WIDTHA                     ; 14                     ;
;     -- LPM_WIDTHB                     ; 14                     ;
;     -- LPM_WIDTHP                     ; 28                     ;
;     -- LPM_REPRESENTATION             ; SIGNED                 ;
;     -- INPUT_A_IS_CONSTANT            ; NO                     ;
;     -- INPUT_B_IS_CONSTANT            ; NO                     ;
;     -- USE_EAB                        ; OFF                    ;
;     -- DEDICATED_MULTIPLIER_CIRCUITRY ; AUTO                   ;
;     -- INPUT_A_FIXED_VALUE            ; Bx                     ;
;     -- INPUT_B_FIXED_VALUE            ; Bx                     ;
; Entity Instance                       ; VGA:U1|lpm_mult:Mult25 ;
;     -- LPM_WIDTHA                     ; 14                     ;
;     -- LPM_WIDTHB                     ; 14                     ;
;     -- LPM_WIDTHP                     ; 28                     ;
;     -- LPM_REPRESENTATION             ; SIGNED                 ;
;     -- INPUT_A_IS_CONSTANT            ; NO                     ;
;     -- INPUT_B_IS_CONSTANT            ; NO                     ;
;     -- USE_EAB                        ; OFF                    ;
;     -- DEDICATED_MULTIPLIER_CIRCUITRY ; AUTO                   ;
;     -- INPUT_A_FIXED_VALUE            ; Bx                     ;
;     -- INPUT_B_FIXED_VALUE            ; Bx                     ;
+---------------------------------------+------------------------+


+----------------------------------------------------------------------------------------------------------------------+
; Port Connectivity Checks: "Clock:comb_38"                                                                            ;
+------------+--------+----------+-------------------------------------------------------------------------------------+
; Port       ; Type   ; Severity ; Details                                                                             ;
+------------+--------+----------+-------------------------------------------------------------------------------------+
; HZ[19..18] ; Input  ; Info     ; Stuck at VCC                                                                        ;
; HZ[9..8]   ; Input  ; Info     ; Stuck at VCC                                                                        ;
; HZ[31..23] ; Input  ; Info     ; Stuck at GND                                                                        ;
; HZ[21..20] ; Input  ; Info     ; Stuck at GND                                                                        ;
; HZ[17..15] ; Input  ; Info     ; Stuck at GND                                                                        ;
; HZ[13..12] ; Input  ; Info     ; Stuck at GND                                                                        ;
; HZ[5..0]   ; Input  ; Info     ; Stuck at GND                                                                        ;
; HZ[22]     ; Input  ; Info     ; Stuck at VCC                                                                        ;
; HZ[14]     ; Input  ; Info     ; Stuck at VCC                                                                        ;
; HZ[11]     ; Input  ; Info     ; Stuck at VCC                                                                        ;
; HZ[10]     ; Input  ; Info     ; Stuck at GND                                                                        ;
; HZ[7]      ; Input  ; Info     ; Stuck at GND                                                                        ;
; HZ[6]      ; Input  ; Info     ; Stuck at VCC                                                                        ;
; out        ; Output ; Info     ; Connected to dangling logic. Logic that only feeds a dangling port will be removed. ;
+------------+--------+----------+-------------------------------------------------------------------------------------+


+----------------------------------------------------------------------------------------------------------------+
; Port Connectivity Checks: "Debounce:U6"                                                                        ;
+------+--------+----------+-------------------------------------------------------------------------------------+
; Port ; Type   ; Severity ; Details                                                                             ;
+------+--------+----------+-------------------------------------------------------------------------------------+
; out  ; Output ; Info     ; Connected to dangling logic. Logic that only feeds a dangling port will be removed. ;
+------+--------+----------+-------------------------------------------------------------------------------------+


+----------------------------------------------------------------------------------------------------------------+
; Port Connectivity Checks: "Debounce:U5"                                                                        ;
+------+--------+----------+-------------------------------------------------------------------------------------+
; Port ; Type   ; Severity ; Details                                                                             ;
+------+--------+----------+-------------------------------------------------------------------------------------+
; out  ; Output ; Info     ; Connected to dangling logic. Logic that only feeds a dangling port will be removed. ;
+------+--------+----------+-------------------------------------------------------------------------------------+


+----------------------------------------------------------------------------------------------------------------+
; Port Connectivity Checks: "Debounce:U4"                                                                        ;
+------+--------+----------+-------------------------------------------------------------------------------------+
; Port ; Type   ; Severity ; Details                                                                             ;
+------+--------+----------+-------------------------------------------------------------------------------------+
; out  ; Output ; Info     ; Connected to dangling logic. Logic that only feeds a dangling port will be removed. ;
+------+--------+----------+-------------------------------------------------------------------------------------+


+----------------------------------------------------------------------------------------------------------------+
; Port Connectivity Checks: "Debounce:U3"                                                                        ;
+------+--------+----------+-------------------------------------------------------------------------------------+
; Port ; Type   ; Severity ; Details                                                                             ;
+------+--------+----------+-------------------------------------------------------------------------------------+
; out  ; Output ; Info     ; Connected to dangling logic. Logic that only feeds a dangling port will be removed. ;
+------+--------+----------+-------------------------------------------------------------------------------------+


+-------------------------------------------------------------------------------------------------------------------------+
; Port Connectivity Checks: "IR_RECEIVE:U2"                                                                               ;
+---------------+--------+----------+-------------------------------------------------------------------------------------+
; Port          ; Type   ; Severity ; Details                                                                             ;
+---------------+--------+----------+-------------------------------------------------------------------------------------+
; oDATA[31..24] ; Output ; Info     ; Connected to dangling logic. Logic that only feeds a dangling port will be removed. ;
; oDATA[15..0]  ; Output ; Info     ; Connected to dangling logic. Logic that only feeds a dangling port will be removed. ;
+---------------+--------+----------+-------------------------------------------------------------------------------------+


+-------------------------------+
; Elapsed Time Per Partition    ;
+----------------+--------------+
; Partition Name ; Elapsed Time ;
+----------------+--------------+
; Top            ; 00:00:04     ;
+----------------+--------------+


+-------------------------------+
; Analysis & Synthesis Messages ;
+-------------------------------+
Info: *******************************************************************
Info: Running Quartus II 64-Bit Analysis & Synthesis
    Info: Version 13.0.1 Build 232 06/12/2013 Service Pack 1 SJ Web Edition
    Info: Processing started: Thu Dec 29 17:29:22 2022
Info: Command: quartus_map --read_settings_files=on --write_settings_files=off Final -c Final
Warning (20028): Parallel compilation is not licensed and has been disabled
Warning (10229): Verilog HDL Expression warning at Final.v(216): truncated literal to match 24 bits
Warning (10229): Verilog HDL Expression warning at Final.v(218): truncated literal to match 24 bits
Info (12021): Found 5 design units, including 5 entities, in source file final.v
    Info (12023): Found entity 1: Final
    Info (12023): Found entity 2: VGA
    Info (12023): Found entity 3: IR_RECEIVE
    Info (12023): Found entity 4: Debounce
    Info (12023): Found entity 5: Clock
Warning (10236): Verilog HDL Implicit Net warning at Final.v(21): created implicit net for "rst"
Warning (10236): Verilog HDL Implicit Net warning at Final.v(147): created implicit net for "VGA_SYNC_N"
Critical Warning (10846): Verilog HDL Instantiation warning at Final.v(42): instance has no name
Info (12127): Elaborating entity "Final" for the top level hierarchy
Warning (10230): Verilog HDL assignment warning at Final.v(46): truncated value with size 32 to match size of target (2)
Info (12128): Elaborating entity "VGA" for hierarchy "VGA:U1"
Warning (10036): Verilog HDL or VHDL warning at Final.v(147): object "VGA_SYNC_N" assigned a value but never read
Warning (10036): Verilog HDL or VHDL warning at Final.v(128): object "color" assigned a value but never read
Warning (10230): Verilog HDL assignment warning at Final.v(171): truncated value with size 32 to match size of target (13)
Warning (10230): Verilog HDL assignment warning at Final.v(193): truncated value with size 32 to match size of target (13)
Info (12128): Elaborating entity "IR_RECEIVE" for hierarchy "IR_RECEIVE:U2"
Info (12128): Elaborating entity "Debounce" for hierarchy "Debounce:U3"
Info (12128): Elaborating entity "Clock" for hierarchy "Clock:comb_38"
Info (278001): Inferred 6 megafunctions from design logic
    Info (278003): Inferred multiplier megafunction ("lpm_mult") from the following logic: "VGA:U1|Mult0"
    Info (278003): Inferred multiplier megafunction ("lpm_mult") from the following logic: "VGA:U1|Mult1"
    Info (278003): Inferred multiplier megafunction ("lpm_mult") from the following logic: "VGA:U1|Mult4"
    Info (278003): Inferred multiplier megafunction ("lpm_mult") from the following logic: "VGA:U1|Mult8"
    Info (278003): Inferred multiplier megafunction ("lpm_mult") from the following logic: "VGA:U1|Mult13"
    Info (278003): Inferred multiplier megafunction ("lpm_mult") from the following logic: "VGA:U1|Mult25"
Info (12130): Elaborated megafunction instantiation "VGA:U1|lpm_mult:Mult0"
Info (12133): Instantiated megafunction "VGA:U1|lpm_mult:Mult0" with the following parameter:
    Info (12134): Parameter "LPM_WIDTHA" = "14"
    Info (12134): Parameter "LPM_WIDTHB" = "14"
    Info (12134): Parameter "LPM_WIDTHP" = "28"
    Info (12134): Parameter "LPM_WIDTHR" = "28"
    Info (12134): Parameter "LPM_WIDTHS" = "1"
    Info (12134): Parameter "LPM_REPRESENTATION" = "SIGNED"
    Info (12134): Parameter "INPUT_A_IS_CONSTANT" = "NO"
    Info (12134): Parameter "INPUT_B_IS_CONSTANT" = "NO"
    Info (12134): Parameter "MAXIMIZE_SPEED" = "6"
Info (12021): Found 1 design units, including 1 entities, in source file db/mult_56t.tdf
    Info (12023): Found entity 1: mult_56t
Info (286030): Timing-Driven Synthesis is running
Info (144001): Generated suppressed messages file C:/Users/dht98/Downloads/NKUST/NKUST_Digital_System_Design_110/111-1/Final Project/output_files/Final.map.smsg
Info (16010): Generating hard_block partition "hard_block:auto_generated_inst"
    Info (16011): Adding 0 node(s), including 0 DDIO, 0 PLL, 0 transceiver and 0 LCELL
Warning (21074): Design contains 21 input pin(s) that do not drive logic
    Warning (15610): No output dependent on input pin "SW[0]"
    Warning (15610): No output dependent on input pin "SW[1]"
    Warning (15610): No output dependent on input pin "SW[2]"
    Warning (15610): No output dependent on input pin "SW[3]"
    Warning (15610): No output dependent on input pin "SW[4]"
    Warning (15610): No output dependent on input pin "SW[5]"
    Warning (15610): No output dependent on input pin "SW[6]"
    Warning (15610): No output dependent on input pin "SW[7]"
    Warning (15610): No output dependent on input pin "SW[8]"
    Warning (15610): No output dependent on input pin "SW[9]"
    Warning (15610): No output dependent on input pin "SW[10]"
    Warning (15610): No output dependent on input pin "SW[11]"
    Warning (15610): No output dependent on input pin "SW[12]"
    Warning (15610): No output dependent on input pin "SW[13]"
    Warning (15610): No output dependent on input pin "SW[14]"
    Warning (15610): No output dependent on input pin "SW[15]"
    Warning (15610): No output dependent on input pin "SW[16]"
    Warning (15610): No output dependent on input pin "SW[17]"
    Warning (15610): No output dependent on input pin "KEY[1]"
    Warning (15610): No output dependent on input pin "KEY[2]"
    Warning (15610): No output dependent on input pin "KEY[3]"
Info (21057): Implemented 1096 device resources after synthesis - the final resource count might be different
    Info (21058): Implemented 24 input pins
    Info (21059): Implemented 54 output pins
    Info (21061): Implemented 1006 logic cells
    Info (21062): Implemented 12 DSP elements
Info: Quartus II 64-Bit Analysis & Synthesis was successful. 0 errors, 33 warnings
    Info: Peak virtual memory: 4609 megabytes
    Info: Processing ended: Thu Dec 29 17:29:27 2022
    Info: Elapsed time: 00:00:05
    Info: Total CPU time (on all processors): 00:00:04


+------------------------------------------+
; Analysis & Synthesis Suppressed Messages ;
+------------------------------------------+
The suppressed messages can be found in C:/Users/dht98/Downloads/NKUST/NKUST_Digital_System_Design_110/111-1/Final Project/output_files/Final.map.smsg.


