Analysis & Synthesis report for HW3
Thu Dec 22 14:57:47 2022
Quartus II 64-Bit Version 13.0.1 Build 232 06/12/2013 Service Pack 1 SJ Web Edition


---------------------
; Table of Contents ;
---------------------
  1. Legal Notice
  2. Analysis & Synthesis Summary
  3. Analysis & Synthesis Settings
  4. Parallel Compilation
  5. Analysis & Synthesis Source Files Read
  6. Analysis & Synthesis Resource Usage Summary
  7. Analysis & Synthesis Resource Utilization by Entity
  8. Analysis & Synthesis DSP Block Usage Summary
  9. State Machine - |HW3|VGA:U1|flag
 10. Registers Removed During Synthesis
 11. General Register Statistics
 12. Inverted Register Statistics
 13. Multiplexer Restructuring Statistics (Restructuring Performed)
 14. Parameter Settings for User Entity Instance: VGA:U1
 15. Parameter Settings for Inferred Entity Instance: VGA:U1|lpm_mult:Mult1
 16. Parameter Settings for Inferred Entity Instance: VGA:U1|lpm_mult:Mult0
 17. lpm_mult Parameter Settings by Entity Instance
 18. Elapsed Time Per Partition
 19. Analysis & Synthesis Messages



----------------
; Legal Notice ;
----------------
Copyright (C) 1991-2013 Altera Corporation
Your use of Altera Corporation's design tools, logic functions 
and other software and tools, and its AMPP partner logic 
functions, and any output files from any of the foregoing 
(including device programming or simulation files), and any 
associated documentation or information are expressly subject 
to the terms and conditions of the Altera Program License 
Subscription Agreement, Altera MegaCore Function License 
Agreement, or other applicable license agreement, including, 
without limitation, that your use is for the sole purpose of 
programming logic devices manufactured by Altera and sold by 
Altera or its authorized distributors.  Please refer to the 
applicable agreement for further details.



+--------------------------------------------------------------------------------------+
; Analysis & Synthesis Summary                                                         ;
+------------------------------------+-------------------------------------------------+
; Analysis & Synthesis Status        ; Successful - Thu Dec 22 14:57:47 2022           ;
; Quartus II 64-Bit Version          ; 13.0.1 Build 232 06/12/2013 SP 1 SJ Web Edition ;
; Revision Name                      ; HW3                                             ;
; Top-level Entity Name              ; HW3                                             ;
; Family                             ; Cyclone IV E                                    ;
; Total logic elements               ; 257                                             ;
;     Total combinational functions  ; 234                                             ;
;     Dedicated logic registers      ; 135                                             ;
; Total registers                    ; 135                                             ;
; Total pins                         ; 57                                              ;
; Total virtual pins                 ; 0                                               ;
; Total memory bits                  ; 0                                               ;
; Embedded Multiplier 9-bit elements ; 4                                               ;
; Total PLLs                         ; 0                                               ;
+------------------------------------+-------------------------------------------------+


+----------------------------------------------------------------------------------------------------------------------+
; Analysis & Synthesis Settings                                                                                        ;
+----------------------------------------------------------------------------+--------------------+--------------------+
; Option                                                                     ; Setting            ; Default Value      ;
+----------------------------------------------------------------------------+--------------------+--------------------+
; Device                                                                     ; EP4CE115F29C7      ;                    ;
; Top-level entity name                                                      ; HW3                ; HW3                ;
; Family name                                                                ; Cyclone IV E       ; Cyclone IV GX      ;
; Use smart compilation                                                      ; Off                ; Off                ;
; Enable parallel Assembler and TimeQuest Timing Analyzer during compilation ; On                 ; On                 ;
; Enable compact report table                                                ; Off                ; Off                ;
; Restructure Multiplexers                                                   ; Auto               ; Auto               ;
; Create Debugging Nodes for IP Cores                                        ; Off                ; Off                ;
; Preserve fewer node names                                                  ; On                 ; On                 ;
; Disable OpenCore Plus hardware evaluation                                  ; Off                ; Off                ;
; Verilog Version                                                            ; Verilog_2001       ; Verilog_2001       ;
; VHDL Version                                                               ; VHDL_1993          ; VHDL_1993          ;
; State Machine Processing                                                   ; Auto               ; Auto               ;
; Safe State Machine                                                         ; Off                ; Off                ;
; Extract Verilog State Machines                                             ; On                 ; On                 ;
; Extract VHDL State Machines                                                ; On                 ; On                 ;
; Ignore Verilog initial constructs                                          ; Off                ; Off                ;
; Iteration limit for constant Verilog loops                                 ; 5000               ; 5000               ;
; Iteration limit for non-constant Verilog loops                             ; 250                ; 250                ;
; Add Pass-Through Logic to Inferred RAMs                                    ; On                 ; On                 ;
; Infer RAMs from Raw Logic                                                  ; On                 ; On                 ;
; Parallel Synthesis                                                         ; On                 ; On                 ;
; DSP Block Balancing                                                        ; Auto               ; Auto               ;
; NOT Gate Push-Back                                                         ; On                 ; On                 ;
; Power-Up Don't Care                                                        ; On                 ; On                 ;
; Remove Redundant Logic Cells                                               ; Off                ; Off                ;
; Remove Duplicate Registers                                                 ; On                 ; On                 ;
; Ignore CARRY Buffers                                                       ; Off                ; Off                ;
; Ignore CASCADE Buffers                                                     ; Off                ; Off                ;
; Ignore GLOBAL Buffers                                                      ; Off                ; Off                ;
; Ignore ROW GLOBAL Buffers                                                  ; Off                ; Off                ;
; Ignore LCELL Buffers                                                       ; Off                ; Off                ;
; Ignore SOFT Buffers                                                        ; On                 ; On                 ;
; Limit AHDL Integers to 32 Bits                                             ; Off                ; Off                ;
; Optimization Technique                                                     ; Balanced           ; Balanced           ;
; Carry Chain Length                                                         ; 70                 ; 70                 ;
; Auto Carry Chains                                                          ; On                 ; On                 ;
; Auto Open-Drain Pins                                                       ; On                 ; On                 ;
; Perform WYSIWYG Primitive Resynthesis                                      ; Off                ; Off                ;
; Auto ROM Replacement                                                       ; On                 ; On                 ;
; Auto RAM Replacement                                                       ; On                 ; On                 ;
; Auto DSP Block Replacement                                                 ; On                 ; On                 ;
; Auto Shift Register Replacement                                            ; Auto               ; Auto               ;
; Allow Shift Register Merging across Hierarchies                            ; Auto               ; Auto               ;
; Auto Clock Enable Replacement                                              ; On                 ; On                 ;
; Strict RAM Replacement                                                     ; Off                ; Off                ;
; Allow Synchronous Control Signals                                          ; On                 ; On                 ;
; Force Use of Synchronous Clear Signals                                     ; Off                ; Off                ;
; Auto RAM Block Balancing                                                   ; On                 ; On                 ;
; Auto RAM to Logic Cell Conversion                                          ; Off                ; Off                ;
; Auto Resource Sharing                                                      ; Off                ; Off                ;
; Allow Any RAM Size For Recognition                                         ; Off                ; Off                ;
; Allow Any ROM Size For Recognition                                         ; Off                ; Off                ;
; Allow Any Shift Register Size For Recognition                              ; Off                ; Off                ;
; Use LogicLock Constraints during Resource Balancing                        ; On                 ; On                 ;
; Ignore translate_off and synthesis_off directives                          ; Off                ; Off                ;
; Timing-Driven Synthesis                                                    ; On                 ; On                 ;
; Report Parameter Settings                                                  ; On                 ; On                 ;
; Report Source Assignments                                                  ; On                 ; On                 ;
; Report Connectivity Checks                                                 ; On                 ; On                 ;
; Ignore Maximum Fan-Out Assignments                                         ; Off                ; Off                ;
; Synchronization Register Chain Length                                      ; 2                  ; 2                  ;
; PowerPlay Power Optimization                                               ; Normal compilation ; Normal compilation ;
; HDL message level                                                          ; Level2             ; Level2             ;
; Suppress Register Optimization Related Messages                            ; Off                ; Off                ;
; Number of Removed Registers Reported in Synthesis Report                   ; 5000               ; 5000               ;
; Number of Swept Nodes Reported in Synthesis Report                         ; 5000               ; 5000               ;
; Number of Inverted Registers Reported in Synthesis Report                  ; 100                ; 100                ;
; Clock MUX Protection                                                       ; On                 ; On                 ;
; Auto Gated Clock Conversion                                                ; Off                ; Off                ;
; Block Design Naming                                                        ; Auto               ; Auto               ;
; SDC constraint protection                                                  ; Off                ; Off                ;
; Synthesis Effort                                                           ; Auto               ; Auto               ;
; Shift Register Replacement - Allow Asynchronous Clear Signal               ; On                 ; On                 ;
; Pre-Mapping Resynthesis Optimization                                       ; Off                ; Off                ;
; Analysis & Synthesis Message Level                                         ; Medium             ; Medium             ;
; Disable Register Merging Across Hierarchies                                ; Auto               ; Auto               ;
; Resource Aware Inference For Block RAM                                     ; On                 ; On                 ;
; Synthesis Seed                                                             ; 1                  ; 1                  ;
+----------------------------------------------------------------------------+--------------------+--------------------+


Parallel compilation was disabled, but you have multiple processors available. Enable parallel compilation to reduce compilation time.
+-------------------------------------+
; Parallel Compilation                ;
+----------------------------+--------+
; Processors                 ; Number ;
+----------------------------+--------+
; Number detected on machine ; 16     ;
; Maximum allowed            ; 1      ;
+----------------------------+--------+


+---------------------------------------------------------------------------------------------------------------------------------------------------------------------------------------------+
; Analysis & Synthesis Source Files Read                                                                                                                                                      ;
+----------------------------------+-----------------+------------------------------+-----------------------------------------------------------------------------------------------+---------+
; File Name with User-Entered Path ; Used in Netlist ; File Type                    ; File Name with Absolute Path                                                                  ; Library ;
+----------------------------------+-----------------+------------------------------+-----------------------------------------------------------------------------------------------+---------+
; HW3.v                            ; yes             ; User Verilog HDL File        ; C:/Users/dht98/Downloads/NKUST/NKUST_Digital_System_Design_110/111-1/1215/HW3/HW3.v           ;         ;
; lpm_mult.tdf                     ; yes             ; Megafunction                 ; c:/altera/13.0sp1/quartus/libraries/megafunctions/lpm_mult.tdf                                ;         ;
; aglobal130.inc                   ; yes             ; Megafunction                 ; c:/altera/13.0sp1/quartus/libraries/megafunctions/aglobal130.inc                              ;         ;
; lpm_add_sub.inc                  ; yes             ; Megafunction                 ; c:/altera/13.0sp1/quartus/libraries/megafunctions/lpm_add_sub.inc                             ;         ;
; multcore.inc                     ; yes             ; Megafunction                 ; c:/altera/13.0sp1/quartus/libraries/megafunctions/multcore.inc                                ;         ;
; bypassff.inc                     ; yes             ; Megafunction                 ; c:/altera/13.0sp1/quartus/libraries/megafunctions/bypassff.inc                                ;         ;
; altshift.inc                     ; yes             ; Megafunction                 ; c:/altera/13.0sp1/quartus/libraries/megafunctions/altshift.inc                                ;         ;
; db/mult_56t.tdf                  ; yes             ; Auto-Generated Megafunction  ; C:/Users/dht98/Downloads/NKUST/NKUST_Digital_System_Design_110/111-1/1215/HW3/db/mult_56t.tdf ;         ;
+----------------------------------+-----------------+------------------------------+-----------------------------------------------------------------------------------------------+---------+


+-------------------------------------------------------------+
; Analysis & Synthesis Resource Usage Summary                 ;
+---------------------------------------------+---------------+
; Resource                                    ; Usage         ;
+---------------------------------------------+---------------+
; Estimated Total logic elements              ; 257           ;
;                                             ;               ;
; Total combinational functions               ; 234           ;
; Logic element usage by number of LUT inputs ;               ;
;     -- 4 input functions                    ; 48            ;
;     -- 3 input functions                    ; 72            ;
;     -- <=2 input functions                  ; 114           ;
;                                             ;               ;
; Logic elements by mode                      ;               ;
;     -- normal mode                          ; 100           ;
;     -- arithmetic mode                      ; 134           ;
;                                             ;               ;
; Total registers                             ; 135           ;
;     -- Dedicated logic registers            ; 135           ;
;     -- I/O registers                        ; 0             ;
;                                             ;               ;
; I/O pins                                    ; 57            ;
; Embedded Multiplier 9-bit elements          ; 4             ;
; Maximum fan-out node                        ; VGA:U1|clk25M ;
; Maximum fan-out                             ; 72            ;
; Total fan-out                               ; 1155          ;
; Average fan-out                             ; 2.37          ;
+---------------------------------------------+---------------+


+--------------------------------------------------------------------------------------------------------------------------------------------------------------------------------------------------------------------+
; Analysis & Synthesis Resource Utilization by Entity                                                                                                                                                                ;
+------------------------------------+-------------------+--------------+-------------+--------------+---------+-----------+------+--------------+----------------------------------------------------+--------------+
; Compilation Hierarchy Node         ; LC Combinationals ; LC Registers ; Memory Bits ; DSP Elements ; DSP 9x9 ; DSP 18x18 ; Pins ; Virtual Pins ; Full Hierarchy Name                                ; Library Name ;
+------------------------------------+-------------------+--------------+-------------+--------------+---------+-----------+------+--------------+----------------------------------------------------+--------------+
; |HW3                               ; 234 (1)           ; 135 (0)      ; 0           ; 4            ; 0       ; 2         ; 57   ; 0            ; |HW3                                               ; work         ;
;    |VGA:U1|                        ; 233 (233)         ; 135 (135)    ; 0           ; 4            ; 0       ; 2         ; 0    ; 0            ; |HW3|VGA:U1                                        ; work         ;
;       |lpm_mult:Mult0|             ; 0 (0)             ; 0 (0)        ; 0           ; 2            ; 0       ; 1         ; 0    ; 0            ; |HW3|VGA:U1|lpm_mult:Mult0                         ; work         ;
;          |mult_56t:auto_generated| ; 0 (0)             ; 0 (0)        ; 0           ; 2            ; 0       ; 1         ; 0    ; 0            ; |HW3|VGA:U1|lpm_mult:Mult0|mult_56t:auto_generated ; work         ;
;       |lpm_mult:Mult1|             ; 0 (0)             ; 0 (0)        ; 0           ; 2            ; 0       ; 1         ; 0    ; 0            ; |HW3|VGA:U1|lpm_mult:Mult1                         ; work         ;
;          |mult_56t:auto_generated| ; 0 (0)             ; 0 (0)        ; 0           ; 2            ; 0       ; 1         ; 0    ; 0            ; |HW3|VGA:U1|lpm_mult:Mult1|mult_56t:auto_generated ; work         ;
+------------------------------------+-------------------+--------------+-------------+--------------+---------+-----------+------+--------------+----------------------------------------------------+--------------+
Note: For table entries with two numbers listed, the numbers in parentheses indicate the number of resources of the given type used by the specific entity alone. The numbers listed outside of parentheses indicate the total resources of the given type used by the specific entity and all of its sub-entities in the hierarchy.


+-----------------------------------------------------+
; Analysis & Synthesis DSP Block Usage Summary        ;
+---------------------------------------+-------------+
; Statistic                             ; Number Used ;
+---------------------------------------+-------------+
; Simple Multipliers (9-bit)            ; 0           ;
; Simple Multipliers (18-bit)           ; 2           ;
; Embedded Multiplier Blocks            ; --          ;
; Embedded Multiplier 9-bit elements    ; 4           ;
; Signed Embedded Multipliers           ; 2           ;
; Unsigned Embedded Multipliers         ; 0           ;
; Mixed Sign Embedded Multipliers       ; 0           ;
; Variable Sign Embedded Multipliers    ; 0           ;
; Dedicated Input Shift Register Chains ; 0           ;
+---------------------------------------+-------------+
Note: number of Embedded Multiplier Blocks used is only available after a successful fit.


Encoding Type:  One-Hot
+-----------------------------------------------------------+
; State Machine - |HW3|VGA:U1|flag                          ;
+-----------+-----------+-----------+-----------+-----------+
; Name      ; flag.0011 ; flag.0010 ; flag.0001 ; flag.0100 ;
+-----------+-----------+-----------+-----------+-----------+
; flag.0001 ; 0         ; 0         ; 0         ; 0         ;
; flag.0010 ; 0         ; 1         ; 1         ; 0         ;
; flag.0011 ; 1         ; 0         ; 1         ; 0         ;
; flag.0100 ; 0         ; 0         ; 1         ; 1         ;
+-----------+-----------+-----------+-----------+-----------+


+----------------------------------------------------------------------------------+
; Registers Removed During Synthesis                                               ;
+-----------------------------------------+----------------------------------------+
; Register name                           ; Reason for Removal                     ;
+-----------------------------------------+----------------------------------------+
; VGA:U1|offsetX[0,1]                     ; Stuck at GND due to stuck port data_in ;
; VGA:U1|color[3][23]                     ; Stuck at GND due to stuck port data_in ;
; VGA:U1|color[3][22]                     ; Stuck at GND due to stuck port data_in ;
; VGA:U1|color[3][21]                     ; Stuck at GND due to stuck port data_in ;
; VGA:U1|color[3][20]                     ; Stuck at GND due to stuck port data_in ;
; VGA:U1|color[3][19]                     ; Stuck at GND due to stuck port data_in ;
; VGA:U1|color[3][18]                     ; Stuck at GND due to stuck port data_in ;
; VGA:U1|color[3][17]                     ; Stuck at GND due to stuck port data_in ;
; VGA:U1|color[3][16]                     ; Stuck at GND due to stuck port data_in ;
; VGA:U1|color[3][15]                     ; Stuck at GND due to stuck port data_in ;
; VGA:U1|color[3][14]                     ; Stuck at GND due to stuck port data_in ;
; VGA:U1|color[3][13]                     ; Stuck at GND due to stuck port data_in ;
; VGA:U1|color[3][12]                     ; Stuck at GND due to stuck port data_in ;
; VGA:U1|color[3][11]                     ; Stuck at GND due to stuck port data_in ;
; VGA:U1|color[3][10]                     ; Stuck at GND due to stuck port data_in ;
; VGA:U1|color[3][9]                      ; Stuck at GND due to stuck port data_in ;
; VGA:U1|color[3][8]                      ; Stuck at GND due to stuck port data_in ;
; VGA:U1|color[3][7]                      ; Stuck at GND due to stuck port data_in ;
; VGA:U1|color[3][6]                      ; Stuck at GND due to stuck port data_in ;
; VGA:U1|color[3][5]                      ; Stuck at GND due to stuck port data_in ;
; VGA:U1|color[3][4]                      ; Stuck at GND due to stuck port data_in ;
; VGA:U1|color[3][3]                      ; Stuck at GND due to stuck port data_in ;
; VGA:U1|color[3][2]                      ; Stuck at GND due to stuck port data_in ;
; VGA:U1|color[3][1]                      ; Stuck at GND due to stuck port data_in ;
; VGA:U1|color[3][0]                      ; Stuck at GND due to stuck port data_in ;
; VGA:U1|color[2][15]                     ; Stuck at GND due to stuck port data_in ;
; VGA:U1|color[2][14]                     ; Stuck at GND due to stuck port data_in ;
; VGA:U1|color[2][13]                     ; Stuck at GND due to stuck port data_in ;
; VGA:U1|color[2][12]                     ; Stuck at GND due to stuck port data_in ;
; VGA:U1|color[2][11]                     ; Stuck at GND due to stuck port data_in ;
; VGA:U1|color[2][10]                     ; Stuck at GND due to stuck port data_in ;
; VGA:U1|color[2][9]                      ; Stuck at GND due to stuck port data_in ;
; VGA:U1|color[2][8]                      ; Stuck at GND due to stuck port data_in ;
; VGA:U1|color[2][7]                      ; Stuck at GND due to stuck port data_in ;
; VGA:U1|color[2][6]                      ; Stuck at GND due to stuck port data_in ;
; VGA:U1|color[2][5]                      ; Stuck at GND due to stuck port data_in ;
; VGA:U1|color[2][4]                      ; Stuck at GND due to stuck port data_in ;
; VGA:U1|color[2][3]                      ; Stuck at GND due to stuck port data_in ;
; VGA:U1|color[2][2]                      ; Stuck at GND due to stuck port data_in ;
; VGA:U1|color[2][1]                      ; Stuck at GND due to stuck port data_in ;
; VGA:U1|color[2][0]                      ; Stuck at GND due to stuck port data_in ;
; VGA:U1|color[1][23]                     ; Stuck at GND due to stuck port data_in ;
; VGA:U1|color[1][22]                     ; Stuck at GND due to stuck port data_in ;
; VGA:U1|color[1][21]                     ; Stuck at GND due to stuck port data_in ;
; VGA:U1|color[1][20]                     ; Stuck at GND due to stuck port data_in ;
; VGA:U1|color[1][19]                     ; Stuck at GND due to stuck port data_in ;
; VGA:U1|color[1][18]                     ; Stuck at GND due to stuck port data_in ;
; VGA:U1|color[1][17]                     ; Stuck at GND due to stuck port data_in ;
; VGA:U1|color[1][16]                     ; Stuck at GND due to stuck port data_in ;
; VGA:U1|color[1][7]                      ; Stuck at GND due to stuck port data_in ;
; VGA:U1|color[1][6]                      ; Stuck at GND due to stuck port data_in ;
; VGA:U1|color[1][5]                      ; Stuck at GND due to stuck port data_in ;
; VGA:U1|color[1][4]                      ; Stuck at GND due to stuck port data_in ;
; VGA:U1|color[1][3]                      ; Stuck at GND due to stuck port data_in ;
; VGA:U1|color[1][2]                      ; Stuck at GND due to stuck port data_in ;
; VGA:U1|color[1][1]                      ; Stuck at GND due to stuck port data_in ;
; VGA:U1|color[1][0]                      ; Stuck at GND due to stuck port data_in ;
; VGA:U1|color[0][23]                     ; Stuck at GND due to stuck port data_in ;
; VGA:U1|color[0][22]                     ; Stuck at GND due to stuck port data_in ;
; VGA:U1|color[0][21]                     ; Stuck at GND due to stuck port data_in ;
; VGA:U1|color[0][20]                     ; Stuck at GND due to stuck port data_in ;
; VGA:U1|color[0][19]                     ; Stuck at GND due to stuck port data_in ;
; VGA:U1|color[0][18]                     ; Stuck at GND due to stuck port data_in ;
; VGA:U1|color[0][17]                     ; Stuck at GND due to stuck port data_in ;
; VGA:U1|color[0][16]                     ; Stuck at GND due to stuck port data_in ;
; VGA:U1|color[0][15]                     ; Stuck at GND due to stuck port data_in ;
; VGA:U1|color[0][14]                     ; Stuck at GND due to stuck port data_in ;
; VGA:U1|color[0][13]                     ; Stuck at GND due to stuck port data_in ;
; VGA:U1|color[0][12]                     ; Stuck at GND due to stuck port data_in ;
; VGA:U1|color[0][11]                     ; Stuck at GND due to stuck port data_in ;
; VGA:U1|color[0][10]                     ; Stuck at GND due to stuck port data_in ;
; VGA:U1|color[0][9]                      ; Stuck at GND due to stuck port data_in ;
; VGA:U1|color[0][8]                      ; Stuck at GND due to stuck port data_in ;
; VGA:U1|offsetY[10..31]                  ; Lost fanout                            ;
; VGA:U1|offsetX[10..31]                  ; Lost fanout                            ;
; VGA:U1|offsetY[4..8]                    ; Merged with VGA:U1|offsetY[9]          ;
; VGA:U1|offsetY[1,2]                     ; Merged with VGA:U1|offsetY[3]          ;
; VGA:U1|offsetX[3,5..8]                  ; Merged with VGA:U1|offsetX[9]          ;
; VGA:U1|colorChange[1..7]                ; Merged with VGA:U1|colorChange[0]      ;
; VGA:U1|color[0][1]                      ; Merged with VGA:U1|color[0][0]         ;
; VGA:U1|color[0][2]                      ; Merged with VGA:U1|color[0][0]         ;
; VGA:U1|color[0][3]                      ; Merged with VGA:U1|color[0][0]         ;
; VGA:U1|color[0][4]                      ; Merged with VGA:U1|color[0][0]         ;
; VGA:U1|color[0][5]                      ; Merged with VGA:U1|color[0][0]         ;
; VGA:U1|color[0][6]                      ; Merged with VGA:U1|color[0][0]         ;
; VGA:U1|color[0][7]                      ; Merged with VGA:U1|color[0][0]         ;
; VGA:U1|color[1][10]                     ; Merged with VGA:U1|color[0][0]         ;
; VGA:U1|color[1][11]                     ; Merged with VGA:U1|color[0][0]         ;
; VGA:U1|color[1][12]                     ; Merged with VGA:U1|color[0][0]         ;
; VGA:U1|color[1][13]                     ; Merged with VGA:U1|color[0][0]         ;
; VGA:U1|color[1][14]                     ; Merged with VGA:U1|color[0][0]         ;
; VGA:U1|color[1][15]                     ; Merged with VGA:U1|color[0][0]         ;
; VGA:U1|color[1][8]                      ; Merged with VGA:U1|color[0][0]         ;
; VGA:U1|color[1][9]                      ; Merged with VGA:U1|color[0][0]         ;
; VGA:U1|color[2][16]                     ; Merged with VGA:U1|color[0][0]         ;
; VGA:U1|color[2][17]                     ; Merged with VGA:U1|color[0][0]         ;
; VGA:U1|color[2][18]                     ; Merged with VGA:U1|color[0][0]         ;
; VGA:U1|color[2][19]                     ; Merged with VGA:U1|color[0][0]         ;
; VGA:U1|color[2][20]                     ; Merged with VGA:U1|color[0][0]         ;
; VGA:U1|color[2][21]                     ; Merged with VGA:U1|color[0][0]         ;
; VGA:U1|color[2][22]                     ; Merged with VGA:U1|color[0][0]         ;
; VGA:U1|color[2][23]                     ; Merged with VGA:U1|color[0][0]         ;
; VGA:U1|offsetY[0]                       ; Merged with VGA:U1|offsetX[2]          ;
; VGA:U1|colorChange[17..23]              ; Merged with VGA:U1|colorChange[16]     ;
; VGA:U1|colorChange[8,9,11..15]          ; Merged with VGA:U1|colorChange[10]     ;
; VGA:U1|objX[1]                          ; Merged with VGA:U1|objX[0]             ;
; VGA:U1|Y[11,12]                         ; Merged with VGA:U1|Y[10]               ;
; VGA:U1|X[12]                            ; Merged with VGA:U1|X[11]               ;
; VGA:U1|objX[0]                          ; Stuck at GND due to stuck port data_in ;
; VGA:U1|flag~6                           ; Lost fanout                            ;
; VGA:U1|flag~7                           ; Lost fanout                            ;
; VGA:U1|flag~9                           ; Lost fanout                            ;
; Total Number of Removed Registers = 183 ;                                        ;
+-----------------------------------------+----------------------------------------+


+------------------------------------------------------+
; General Register Statistics                          ;
+----------------------------------------------+-------+
; Statistic                                    ; Value ;
+----------------------------------------------+-------+
; Total registers                              ; 135   ;
; Number of registers using Synchronous Clear  ; 39    ;
; Number of registers using Synchronous Load   ; 42    ;
; Number of registers using Asynchronous Clear ; 1     ;
; Number of registers using Asynchronous Load  ; 0     ;
; Number of registers using Clock Enable       ; 29    ;
; Number of registers using Preset             ; 0     ;
+----------------------------------------------+-------+


+--------------------------------------------------+
; Inverted Register Statistics                     ;
+----------------------------------------+---------+
; Inverted Register                      ; Fan out ;
+----------------------------------------+---------+
; VGA:U1|objX[7]                         ; 2       ;
; VGA:U1|objX[6]                         ; 2       ;
; VGA:U1|objX[3]                         ; 2       ;
; VGA:U1|objY[7]                         ; 2       ;
; VGA:U1|objY[5]                         ; 2       ;
; Total number of inverted registers = 5 ;         ;
+----------------------------------------+---------+


+------------------------------------------------------------------------------------------------------------------------------------------+
; Multiplexer Restructuring Statistics (Restructuring Performed)                                                                           ;
+--------------------+-----------+---------------+----------------------+------------------------+------------+----------------------------+
; Multiplexer Inputs ; Bus Width ; Baseline Area ; Area if Restructured ; Saving if Restructured ; Registered ; Example Multiplexer Output ;
+--------------------+-----------+---------------+----------------------+------------------------+------------+----------------------------+
; 3:1                ; 11 bits   ; 22 LEs        ; 11 LEs               ; 11 LEs                 ; Yes        ; |HW3|VGA:U1|counterHS[7]   ;
; 4:1                ; 10 bits   ; 20 LEs        ; 10 LEs               ; 10 LEs                 ; Yes        ; |HW3|VGA:U1|counterVS[2]   ;
; 3:1                ; 3 bits    ; 6 LEs         ; 6 LEs                ; 0 LEs                  ; No         ; |HW3|VGA:U1|VGA_B          ;
; 6:1                ; 4 bits    ; 16 LEs        ; 12 LEs               ; 4 LEs                  ; No         ; |HW3|VGA:U1|flag           ;
+--------------------+-----------+---------------+----------------------+------------------------+------------+----------------------------+


+-----------------------------------------------------+
; Parameter Settings for User Entity Instance: VGA:U1 ;
+----------------+-------+----------------------------+
; Parameter Name ; Value ; Type                       ;
+----------------+-------+----------------------------+
; H_FRONT        ; 16    ; Signed Integer             ;
; H_SYNC         ; 96    ; Signed Integer             ;
; H_BACK         ; 48    ; Signed Integer             ;
; H_ACT          ; 640   ; Signed Integer             ;
; H_BLANK        ; 160   ; Signed Integer             ;
; H_TOTAL        ; 800   ; Signed Integer             ;
; V_FRONT        ; 11    ; Signed Integer             ;
; V_SYNC         ; 2     ; Signed Integer             ;
; V_BACK         ; 32    ; Signed Integer             ;
; V_ACT          ; 480   ; Signed Integer             ;
; V_BLANK        ; 45    ; Signed Integer             ;
; V_TOTAL        ; 525   ; Signed Integer             ;
+----------------+-------+----------------------------+
Note: In order to hide this table in the UI and the text report file, please set the "Show Parameter Settings in Synthesis Report" option in "Analysis and Synthesis Settings -> More Settings" to "Off".


+-------------------------------------------------------------------------------------+
; Parameter Settings for Inferred Entity Instance: VGA:U1|lpm_mult:Mult1              ;
+------------------------------------------------+--------------+---------------------+
; Parameter Name                                 ; Value        ; Type                ;
+------------------------------------------------+--------------+---------------------+
; AUTO_CARRY_CHAINS                              ; ON           ; AUTO_CARRY          ;
; IGNORE_CARRY_BUFFERS                           ; OFF          ; IGNORE_CARRY        ;
; AUTO_CASCADE_CHAINS                            ; ON           ; AUTO_CASCADE        ;
; IGNORE_CASCADE_BUFFERS                         ; OFF          ; IGNORE_CASCADE      ;
; LPM_WIDTHA                                     ; 14           ; Untyped             ;
; LPM_WIDTHB                                     ; 14           ; Untyped             ;
; LPM_WIDTHP                                     ; 28           ; Untyped             ;
; LPM_WIDTHR                                     ; 28           ; Untyped             ;
; LPM_WIDTHS                                     ; 1            ; Untyped             ;
; LPM_REPRESENTATION                             ; SIGNED       ; Untyped             ;
; LPM_PIPELINE                                   ; 0            ; Untyped             ;
; LATENCY                                        ; 0            ; Untyped             ;
; INPUT_A_IS_CONSTANT                            ; NO           ; Untyped             ;
; INPUT_B_IS_CONSTANT                            ; NO           ; Untyped             ;
; USE_EAB                                        ; OFF          ; Untyped             ;
; MAXIMIZE_SPEED                                 ; 6            ; Untyped             ;
; DEVICE_FAMILY                                  ; Cyclone IV E ; Untyped             ;
; CARRY_CHAIN                                    ; MANUAL       ; Untyped             ;
; APEX20K_TECHNOLOGY_MAPPER                      ; LUT          ; TECH_MAPPER_APEX20K ;
; DEDICATED_MULTIPLIER_CIRCUITRY                 ; AUTO         ; Untyped             ;
; DEDICATED_MULTIPLIER_MIN_INPUT_WIDTH_FOR_AUTO  ; 0            ; Untyped             ;
; DEDICATED_MULTIPLIER_MIN_OUTPUT_WIDTH_FOR_AUTO ; 0            ; Untyped             ;
; CBXI_PARAMETER                                 ; mult_56t     ; Untyped             ;
; INPUT_A_FIXED_VALUE                            ; Bx           ; Untyped             ;
; INPUT_B_FIXED_VALUE                            ; Bx           ; Untyped             ;
; USE_AHDL_IMPLEMENTATION                        ; OFF          ; Untyped             ;
+------------------------------------------------+--------------+---------------------+
Note: In order to hide this table in the UI and the text report file, please set the "Show Parameter Settings in Synthesis Report" option in "Analysis and Synthesis Settings -> More Settings" to "Off".


+-------------------------------------------------------------------------------------+
; Parameter Settings for Inferred Entity Instance: VGA:U1|lpm_mult:Mult0              ;
+------------------------------------------------+--------------+---------------------+
; Parameter Name                                 ; Value        ; Type                ;
+------------------------------------------------+--------------+---------------------+
; AUTO_CARRY_CHAINS                              ; ON           ; AUTO_CARRY          ;
; IGNORE_CARRY_BUFFERS                           ; OFF          ; IGNORE_CARRY        ;
; AUTO_CASCADE_CHAINS                            ; ON           ; AUTO_CASCADE        ;
; IGNORE_CASCADE_BUFFERS                         ; OFF          ; IGNORE_CASCADE      ;
; LPM_WIDTHA                                     ; 14           ; Untyped             ;
; LPM_WIDTHB                                     ; 14           ; Untyped             ;
; LPM_WIDTHP                                     ; 28           ; Untyped             ;
; LPM_WIDTHR                                     ; 28           ; Untyped             ;
; LPM_WIDTHS                                     ; 1            ; Untyped             ;
; LPM_REPRESENTATION                             ; SIGNED       ; Untyped             ;
; LPM_PIPELINE                                   ; 0            ; Untyped             ;
; LATENCY                                        ; 0            ; Untyped             ;
; INPUT_A_IS_CONSTANT                            ; NO           ; Untyped             ;
; INPUT_B_IS_CONSTANT                            ; NO           ; Untyped             ;
; USE_EAB                                        ; OFF          ; Untyped             ;
; MAXIMIZE_SPEED                                 ; 6            ; Untyped             ;
; DEVICE_FAMILY                                  ; Cyclone IV E ; Untyped             ;
; CARRY_CHAIN                                    ; MANUAL       ; Untyped             ;
; APEX20K_TECHNOLOGY_MAPPER                      ; LUT          ; TECH_MAPPER_APEX20K ;
; DEDICATED_MULTIPLIER_CIRCUITRY                 ; AUTO         ; Untyped             ;
; DEDICATED_MULTIPLIER_MIN_INPUT_WIDTH_FOR_AUTO  ; 0            ; Untyped             ;
; DEDICATED_MULTIPLIER_MIN_OUTPUT_WIDTH_FOR_AUTO ; 0            ; Untyped             ;
; CBXI_PARAMETER                                 ; mult_56t     ; Untyped             ;
; INPUT_A_FIXED_VALUE                            ; Bx           ; Untyped             ;
; INPUT_B_FIXED_VALUE                            ; Bx           ; Untyped             ;
; USE_AHDL_IMPLEMENTATION                        ; OFF          ; Untyped             ;
+------------------------------------------------+--------------+---------------------+
Note: In order to hide this table in the UI and the text report file, please set the "Show Parameter Settings in Synthesis Report" option in "Analysis and Synthesis Settings -> More Settings" to "Off".


+---------------------------------------------------------------+
; lpm_mult Parameter Settings by Entity Instance                ;
+---------------------------------------+-----------------------+
; Name                                  ; Value                 ;
+---------------------------------------+-----------------------+
; Number of entity instances            ; 2                     ;
; Entity Instance                       ; VGA:U1|lpm_mult:Mult1 ;
;     -- LPM_WIDTHA                     ; 14                    ;
;     -- LPM_WIDTHB                     ; 14                    ;
;     -- LPM_WIDTHP                     ; 28                    ;
;     -- LPM_REPRESENTATION             ; SIGNED                ;
;     -- INPUT_A_IS_CONSTANT            ; NO                    ;
;     -- INPUT_B_IS_CONSTANT            ; NO                    ;
;     -- USE_EAB                        ; OFF                   ;
;     -- DEDICATED_MULTIPLIER_CIRCUITRY ; AUTO                  ;
;     -- INPUT_A_FIXED_VALUE            ; Bx                    ;
;     -- INPUT_B_FIXED_VALUE            ; Bx                    ;
; Entity Instance                       ; VGA:U1|lpm_mult:Mult0 ;
;     -- LPM_WIDTHA                     ; 14                    ;
;     -- LPM_WIDTHB                     ; 14                    ;
;     -- LPM_WIDTHP                     ; 28                    ;
;     -- LPM_REPRESENTATION             ; SIGNED                ;
;     -- INPUT_A_IS_CONSTANT            ; NO                    ;
;     -- INPUT_B_IS_CONSTANT            ; NO                    ;
;     -- USE_EAB                        ; OFF                   ;
;     -- DEDICATED_MULTIPLIER_CIRCUITRY ; AUTO                  ;
;     -- INPUT_A_FIXED_VALUE            ; Bx                    ;
;     -- INPUT_B_FIXED_VALUE            ; Bx                    ;
+---------------------------------------+-----------------------+


+-------------------------------+
; Elapsed Time Per Partition    ;
+----------------+--------------+
; Partition Name ; Elapsed Time ;
+----------------+--------------+
; Top            ; 00:00:00     ;
+----------------+--------------+


+-------------------------------+
; Analysis & Synthesis Messages ;
+-------------------------------+
Info: *******************************************************************
Info: Running Quartus II 64-Bit Analysis & Synthesis
    Info: Version 13.0.1 Build 232 06/12/2013 Service Pack 1 SJ Web Edition
    Info: Processing started: Thu Dec 22 14:57:46 2022
Info: Command: quartus_map --read_settings_files=on --write_settings_files=off HW3 -c HW3
Warning (20028): Parallel compilation is not licensed and has been disabled
Info (12021): Found 3 design units, including 3 entities, in source file hw3.v
    Info (12023): Found entity 1: HW3
    Info (12023): Found entity 2: VGA
    Info (12023): Found entity 3: IR_RECEIVE
Warning (10236): Verilog HDL Implicit Net warning at HW3.v(44): created implicit net for "VGA_SYNC_N"
Info (12127): Elaborating entity "HW3" for the top level hierarchy
Warning (10034): Output port "LEDR" at HW3.v(8) has no driver
Warning (10034): Output port "LEDG" at HW3.v(7) has no driver
Info (12128): Elaborating entity "VGA" for hierarchy "VGA:U1"
Warning (10036): Verilog HDL or VHDL warning at HW3.v(44): object "VGA_SYNC_N" assigned a value but never read
Warning (10230): Verilog HDL assignment warning at HW3.v(69): truncated value with size 32 to match size of target (13)
Warning (10230): Verilog HDL assignment warning at HW3.v(91): truncated value with size 32 to match size of target (13)
Warning (10230): Verilog HDL assignment warning at HW3.v(140): truncated value with size 32 to match size of target (10)
Warning (10230): Verilog HDL assignment warning at HW3.v(141): truncated value with size 32 to match size of target (10)
Info (278001): Inferred 2 megafunctions from design logic
    Info (278003): Inferred multiplier megafunction ("lpm_mult") from the following logic: "VGA:U1|Mult1"
    Info (278003): Inferred multiplier megafunction ("lpm_mult") from the following logic: "VGA:U1|Mult0"
Info (12130): Elaborated megafunction instantiation "VGA:U1|lpm_mult:Mult1"
Info (12133): Instantiated megafunction "VGA:U1|lpm_mult:Mult1" with the following parameter:
    Info (12134): Parameter "LPM_WIDTHA" = "14"
    Info (12134): Parameter "LPM_WIDTHB" = "14"
    Info (12134): Parameter "LPM_WIDTHP" = "28"
    Info (12134): Parameter "LPM_WIDTHR" = "28"
    Info (12134): Parameter "LPM_WIDTHS" = "1"
    Info (12134): Parameter "LPM_REPRESENTATION" = "SIGNED"
    Info (12134): Parameter "INPUT_A_IS_CONSTANT" = "NO"
    Info (12134): Parameter "INPUT_B_IS_CONSTANT" = "NO"
    Info (12134): Parameter "MAXIMIZE_SPEED" = "6"
Info (12021): Found 1 design units, including 1 entities, in source file db/mult_56t.tdf
    Info (12023): Found entity 1: mult_56t
Info (12130): Elaborated megafunction instantiation "VGA:U1|lpm_mult:Mult0"
Info (12133): Instantiated megafunction "VGA:U1|lpm_mult:Mult0" with the following parameter:
    Info (12134): Parameter "LPM_WIDTHA" = "14"
    Info (12134): Parameter "LPM_WIDTHB" = "14"
    Info (12134): Parameter "LPM_WIDTHP" = "28"
    Info (12134): Parameter "LPM_WIDTHR" = "28"
    Info (12134): Parameter "LPM_WIDTHS" = "1"
    Info (12134): Parameter "LPM_REPRESENTATION" = "SIGNED"
    Info (12134): Parameter "INPUT_A_IS_CONSTANT" = "NO"
    Info (12134): Parameter "INPUT_B_IS_CONSTANT" = "NO"
    Info (12134): Parameter "MAXIMIZE_SPEED" = "6"
Warning (13024): Output pins are stuck at VCC or GND
    Warning (13410): Pin "LEDR[0]" is stuck at GND
    Warning (13410): Pin "LEDR[1]" is stuck at GND
    Warning (13410): Pin "LEDR[2]" is stuck at GND
    Warning (13410): Pin "LEDR[3]" is stuck at GND
    Warning (13410): Pin "LEDR[4]" is stuck at GND
    Warning (13410): Pin "LEDR[5]" is stuck at GND
    Warning (13410): Pin "LEDR[6]" is stuck at GND
    Warning (13410): Pin "LEDR[7]" is stuck at GND
    Warning (13410): Pin "LEDR[8]" is stuck at GND
    Warning (13410): Pin "LEDR[9]" is stuck at GND
    Warning (13410): Pin "LEDR[10]" is stuck at GND
    Warning (13410): Pin "LEDR[11]" is stuck at GND
    Warning (13410): Pin "LEDR[12]" is stuck at GND
    Warning (13410): Pin "LEDR[13]" is stuck at GND
    Warning (13410): Pin "LEDR[14]" is stuck at GND
    Warning (13410): Pin "LEDR[15]" is stuck at GND
    Warning (13410): Pin "LEDR[16]" is stuck at GND
    Warning (13410): Pin "LEDR[17]" is stuck at GND
    Warning (13410): Pin "LEDG[0]" is stuck at GND
    Warning (13410): Pin "LEDG[1]" is stuck at GND
    Warning (13410): Pin "LEDG[2]" is stuck at GND
    Warning (13410): Pin "LEDG[3]" is stuck at GND
    Warning (13410): Pin "LEDG[4]" is stuck at GND
    Warning (13410): Pin "LEDG[5]" is stuck at GND
    Warning (13410): Pin "LEDG[6]" is stuck at GND
    Warning (13410): Pin "LEDG[7]" is stuck at GND
Info (286030): Timing-Driven Synthesis is running
Info (17049): 47 registers lost all their fanouts during netlist optimizations.
Info (16010): Generating hard_block partition "hard_block:auto_generated_inst"
    Info (16011): Adding 0 node(s), including 0 DDIO, 0 PLL, 0 transceiver and 0 LCELL
Warning (21074): Design contains 1 input pin(s) that do not drive logic
    Warning (15610): No output dependent on input pin "iIRDA"
Info (21057): Implemented 327 device resources after synthesis - the final resource count might be different
    Info (21058): Implemented 3 input pins
    Info (21059): Implemented 54 output pins
    Info (21061): Implemented 266 logic cells
    Info (21062): Implemented 4 DSP elements
Info: Quartus II 64-Bit Analysis & Synthesis was successful. 0 errors, 38 warnings
    Info: Peak virtual memory: 4608 megabytes
    Info: Processing ended: Thu Dec 22 14:57:47 2022
    Info: Elapsed time: 00:00:01
    Info: Total CPU time (on all processors): 00:00:01


