Flow report for Final
<<<<<<< HEAD:111-1/Final Project/output_files/Final.flow.rpt
Wed Jan 11 17:27:04 2023
=======
Thu Jan 05 13:49:06 2023
>>>>>>> 37ca9bff27f24ed6bfe8f59eb07765e0ab208812:111-1/Final Project/Final/output_files/Final.flow.rpt
Quartus II 64-Bit Version 13.0.1 Build 232 06/12/2013 Service Pack 1 SJ Web Edition


---------------------
; Table of Contents ;
---------------------
  1. Legal Notice
  2. Flow Summary
  3. Flow Settings
  4. Flow Non-Default Global Settings
  5. Flow Elapsed Time
  6. Flow OS Summary
  7. Flow Log
  8. Flow Messages
  9. Flow Suppressed Messages



----------------
; Legal Notice ;
----------------
Copyright (C) 1991-2013 Altera Corporation
Your use of Altera Corporation's design tools, logic functions 
and other software and tools, and its AMPP partner logic 
functions, and any output files from any of the foregoing 
(including device programming or simulation files), and any 
associated documentation or information are expressly subject 
to the terms and conditions of the Altera Program License 
Subscription Agreement, Altera MegaCore Function License 
Agreement, or other applicable license agreement, including, 
without limitation, that your use is for the sole purpose of 
programming logic devices manufactured by Altera and sold by 
Altera or its authorized distributors.  Please refer to the 
applicable agreement for further details.



+--------------------------------------------------------------------------------------+
; Flow Summary                                                                         ;
+------------------------------------+-------------------------------------------------+
<<<<<<< HEAD:111-1/Final Project/output_files/Final.flow.rpt
; Flow Status                        ; Successful - Wed Jan 11 17:26:59 2023           ;
=======
; Flow Status                        ; Successful - Thu Jan 05 13:49:00 2023           ;
>>>>>>> 37ca9bff27f24ed6bfe8f59eb07765e0ab208812:111-1/Final Project/Final/output_files/Final.flow.rpt
; Quartus II 64-Bit Version          ; 13.0.1 Build 232 06/12/2013 SP 1 SJ Web Edition ;
; Revision Name                      ; Final                                           ;
; Top-level Entity Name              ; Final                                           ;
; Family                             ; Cyclone IV E                                    ;
; Device                             ; EP4CE115F29C7                                   ;
; Timing Models                      ; Final                                           ;
; Total logic elements               ; 1,263 / 114,480 ( 1 % )                         ;
;     Total combinational functions  ; 1,242 / 114,480 ( 1 % )                         ;
;     Dedicated logic registers      ; 252 / 114,480 ( < 1 % )                         ;
; Total registers                    ; 252                                             ;
; Total pins                         ; 134 / 529 ( 25 % )                              ;
; Total virtual pins                 ; 0                                               ;
; Total memory bits                  ; 0 / 3,981,312 ( 0 % )                           ;
; Embedded Multiplier 9-bit elements ; 14 / 532 ( 3 % )                                ;
; Total PLLs                         ; 0 / 4 ( 0 % )                                   ;
+------------------------------------+-------------------------------------------------+


+-----------------------------------------+
; Flow Settings                           ;
+-------------------+---------------------+
; Option            ; Setting             ;
+-------------------+---------------------+
<<<<<<< HEAD:111-1/Final Project/output_files/Final.flow.rpt
; Start date & time ; 01/11/2023 17:26:16 ;
=======
; Start date & time ; 01/05/2023 13:48:03 ;
>>>>>>> 37ca9bff27f24ed6bfe8f59eb07765e0ab208812:111-1/Final Project/Final/output_files/Final.flow.rpt
; Main task         ; Compilation         ;
; Revision Name     ; Final               ;
+-------------------+---------------------+


<<<<<<< HEAD:111-1/Final Project/output_files/Final.flow.rpt
+-----------------------------------------------------------------------------------------------------------------+
; Flow Non-Default Global Settings                                                                                ;
+-------------------------------------+--------------------------------+---------------+-------------+------------+
; Assignment Name                     ; Value                          ; Default Value ; Entity Name ; Section Id ;
+-------------------------------------+--------------------------------+---------------+-------------+------------+
; COMPILER_SIGNATURE_ID               ; 96830616570500.167342917508064 ; --            ; --          ; --         ;
; MAX_CORE_JUNCTION_TEMP              ; 85                             ; --            ; --          ; --         ;
; MIN_CORE_JUNCTION_TEMP              ; 0                              ; --            ; --          ; --         ;
; PARTITION_COLOR                     ; 16764057                       ; --            ; --          ; Top        ;
; PARTITION_FITTER_PRESERVATION_LEVEL ; PLACEMENT_AND_ROUTING          ; --            ; --          ; Top        ;
; PARTITION_NETLIST_TYPE              ; SOURCE                         ; --            ; --          ; Top        ;
; PROJECT_OUTPUT_DIRECTORY            ; output_files                   ; --            ; --          ; --         ;
+-------------------------------------+--------------------------------+---------------+-------------+------------+
=======
+----------------------------------------------------------------------------------------------------------------+
; Flow Non-Default Global Settings                                                                               ;
+-------------------------------------+-------------------------------+---------------+-------------+------------+
; Assignment Name                     ; Value                         ; Default Value ; Entity Name ; Section Id ;
+-------------------------------------+-------------------------------+---------------+-------------+------------+
; COMPILER_SIGNATURE_ID               ; 9413547789630.167289768309996 ; --            ; --          ; --         ;
; MAX_CORE_JUNCTION_TEMP              ; 85                            ; --            ; --          ; --         ;
; MIN_CORE_JUNCTION_TEMP              ; 0                             ; --            ; --          ; --         ;
; PARTITION_COLOR                     ; 16764057                      ; --            ; --          ; Top        ;
; PARTITION_FITTER_PRESERVATION_LEVEL ; PLACEMENT_AND_ROUTING         ; --            ; --          ; Top        ;
; PARTITION_NETLIST_TYPE              ; SOURCE                        ; --            ; --          ; Top        ;
; PROJECT_OUTPUT_DIRECTORY            ; output_files                  ; --            ; --          ; --         ;
+-------------------------------------+-------------------------------+---------------+-------------+------------+
>>>>>>> 37ca9bff27f24ed6bfe8f59eb07765e0ab208812:111-1/Final Project/Final/output_files/Final.flow.rpt


+-------------------------------------------------------------------------------------------------------------------------------+
; Flow Elapsed Time                                                                                                             ;
+---------------------------+--------------+-------------------------+---------------------+------------------------------------+
; Module Name               ; Elapsed Time ; Average Processors Used ; Peak Virtual Memory ; Total CPU Time (on all processors) ;
+---------------------------+--------------+-------------------------+---------------------+------------------------------------+
<<<<<<< HEAD:111-1/Final Project/output_files/Final.flow.rpt
; Analysis & Synthesis      ; 00:00:09     ; 1.0                     ; 4604 MB             ; 00:00:06                           ;
; Fitter                    ; 00:00:29     ; 1.0                     ; 5090 MB             ; 00:00:14                           ;
; Assembler                 ; 00:00:04     ; 1.0                     ; 4562 MB             ; 00:00:03                           ;
; TimeQuest Timing Analyzer ; 00:00:04     ; 1.0                     ; 4693 MB             ; 00:00:01                           ;
; Total                     ; 00:00:46     ; --                      ; --                  ; 00:00:24                           ;
=======
; Analysis & Synthesis      ; 00:00:10     ; 1.0                     ; 4603 MB             ; 00:00:09                           ;
; Fitter                    ; 00:00:38     ; 1.0                     ; 5097 MB             ; 00:00:37                           ;
; Assembler                 ; 00:00:06     ; 1.0                     ; 4565 MB             ; 00:00:06                           ;
; TimeQuest Timing Analyzer ; 00:00:05     ; 1.0                     ; 4684 MB             ; 00:00:05                           ;
; Total                     ; 00:00:59     ; --                      ; --                  ; 00:00:57                           ;
>>>>>>> 37ca9bff27f24ed6bfe8f59eb07765e0ab208812:111-1/Final Project/Final/output_files/Final.flow.rpt
+---------------------------+--------------+-------------------------+---------------------+------------------------------------+


+----------------------------------------------------------------------------------------+
; Flow OS Summary                                                                        ;
+---------------------------+------------------+-----------+------------+----------------+
; Module Name               ; Machine Hostname ; OS Name   ; OS Version ; Processor type ;
+---------------------------+------------------+-----------+------------+----------------+
; Analysis & Synthesis      ; LAPTOP-1ADCV47G  ; Windows 7 ; 6.2        ; x86_64         ;
; Fitter                    ; LAPTOP-1ADCV47G  ; Windows 7 ; 6.2        ; x86_64         ;
; Assembler                 ; LAPTOP-1ADCV47G  ; Windows 7 ; 6.2        ; x86_64         ;
; TimeQuest Timing Analyzer ; LAPTOP-1ADCV47G  ; Windows 7 ; 6.2        ; x86_64         ;
+---------------------------+------------------+-----------+------------+----------------+


------------
; Flow Log ;
------------
quartus_map --read_settings_files=on --write_settings_files=off Final -c Final
quartus_fit --read_settings_files=off --write_settings_files=off Final -c Final
quartus_asm --read_settings_files=off --write_settings_files=off Final -c Final
quartus_sta Final -c Final



