Flow report for HW3
Thu Oct 06 16:10:15 2022
Quartus II 64-Bit Version 13.0.1 Build 232 06/12/2013 Service Pack 1 SJ Web Edition


---------------------
; Table of Contents ;
---------------------
  1. Legal Notice
  2. Flow Summary
  3. Flow Settings
  4. Flow Non-Default Global Settings
  5. Flow Elapsed Time
  6. Flow OS Summary
  7. Flow Log
  8. Flow Messages
  9. Flow Suppressed Messages



----------------
; Legal Notice ;
----------------
Copyright (C) 1991-2013 Altera Corporation
Your use of Altera Corporation's design tools, logic functions 
and other software and tools, and its AMPP partner logic 
functions, and any output files from any of the foregoing 
(including device programming or simulation files), and any 
associated documentation or information are expressly subject 
to the terms and conditions of the Altera Program License 
Subscription Agreement, Altera MegaCore Function License 
Agreement, or other applicable license agreement, including, 
without limitation, that your use is for the sole purpose of 
programming logic devices manufactured by Altera and sold by 
Altera or its authorized distributors.  Please refer to the 
applicable agreement for further details.



+--------------------------------------------------------------------------------------+
; Flow Summary                                                                         ;
+------------------------------------+-------------------------------------------------+
; Flow Status                        ; Successful - Thu Oct 06 16:10:15 2022           ;
; Quartus II 64-Bit Version          ; 13.0.1 Build 232 06/12/2013 SP 1 SJ Web Edition ;
; Revision Name                      ; HW3                                             ;
; Top-level Entity Name              ; HW3                                             ;
; Family                             ; Cyclone IV GX                                   ;
; Total logic elements               ; 633 / 21,280 ( 3 % )                            ;
;     Total combinational functions  ; 633 / 21,280 ( 3 % )                            ;
;     Dedicated logic registers      ; 113 / 21,280 ( < 1 % )                          ;
; Total registers                    ; 113                                             ;
; Total pins                         ; 48 / 167 ( 29 % )                               ;
; Total virtual pins                 ; 0                                               ;
; Total memory bits                  ; 0 / 774,144 ( 0 % )                             ;
; Embedded Multiplier 9-bit elements ; 0 / 80 ( 0 % )                                  ;
; Total GXB Receiver Channel PCS     ; 0 / 4 ( 0 % )                                   ;
; Total GXB Receiver Channel PMA     ; 0 / 4 ( 0 % )                                   ;
; Total GXB Transmitter Channel PCS  ; 0 / 4 ( 0 % )                                   ;
; Total GXB Transmitter Channel PMA  ; 0 / 4 ( 0 % )                                   ;
; Total PLLs                         ; 0 / 4 ( 0 % )                                   ;
; Device                             ; EP4CGX22CF19C6                                  ;
; Timing Models                      ; Final                                           ;
+------------------------------------+-------------------------------------------------+


+-----------------------------------------+
; Flow Settings                           ;
+-------------------+---------------------+
; Option            ; Setting             ;
+-------------------+---------------------+
; Start date & time ; 10/06/2022 16:09:32 ;
; Main task         ; Compilation         ;
; Revision Name     ; HW3                 ;
+-------------------+---------------------+


+---------------------------------------------------------------------------------------------------------------------+
; Flow Non-Default Global Settings                                                                                    ;
+-------------------------------------+--------------------------------+---------------+-------------+----------------+
; Assignment Name                     ; Value                          ; Default Value ; Entity Name ; Section Id     ;
+-------------------------------------+--------------------------------+---------------+-------------+----------------+
; COMPILER_SIGNATURE_ID               ; 96830616570500.166504377201404 ; --            ; --          ; --             ;
; EDA_GENERATE_FUNCTIONAL_NETLIST     ; On                             ; --            ; --          ; eda_simulation ;
; EDA_OUTPUT_DATA_FORMAT              ; Verilog Hdl                    ; --            ; --          ; eda_simulation ;
; EDA_SIMULATION_TOOL                 ; ModelSim-Altera (Verilog)      ; <None>        ; --          ; --             ;
; PARTITION_COLOR                     ; 16764057                       ; --            ; --          ; Top            ;
; PARTITION_FITTER_PRESERVATION_LEVEL ; PLACEMENT_AND_ROUTING          ; --            ; --          ; Top            ;
; PARTITION_NETLIST_TYPE              ; SOURCE                         ; --            ; --          ; Top            ;
; PROJECT_OUTPUT_DIRECTORY            ; output_files                   ; --            ; --          ; --             ;
+-------------------------------------+--------------------------------+---------------+-------------+----------------+


+-------------------------------------------------------------------------------------------------------------------------------+
; Flow Elapsed Time                                                                                                             ;
+---------------------------+--------------+-------------------------+---------------------+------------------------------------+
; Module Name               ; Elapsed Time ; Average Processors Used ; Peak Virtual Memory ; Total CPU Time (on all processors) ;
+---------------------------+--------------+-------------------------+---------------------+------------------------------------+
; Analysis & Synthesis      ; 00:00:06     ; 1.0                     ; 4638 MB             ; 00:00:06                           ;
; Fitter                    ; 00:00:12     ; 1.0                     ; 5014 MB             ; 00:00:12                           ;
; Assembler                 ; 00:00:02     ; 1.0                     ; 4602 MB             ; 00:00:02                           ;
; TimeQuest Timing Analyzer ; 00:00:03     ; 1.0                     ; 4628 MB             ; 00:00:03                           ;
; EDA Netlist Writer        ; 00:00:01     ; 1.0                     ; 4574 MB             ; 00:00:01                           ;
; EDA Netlist Writer        ; 00:00:01     ; 1.0                     ; 4576 MB             ; 00:00:01                           ;
; EDA Netlist Writer        ; 00:00:01     ; 1.0                     ; 4576 MB             ; 00:00:01                           ;
; Total                     ; 00:00:26     ; --                      ; --                  ; 00:00:26                           ;
+---------------------------+--------------+-------------------------+---------------------+------------------------------------+


+----------------------------------------------------------------------------------------+
; Flow OS Summary                                                                        ;
+---------------------------+------------------+-----------+------------+----------------+
; Module Name               ; Machine Hostname ; OS Name   ; OS Version ; Processor type ;
+---------------------------+------------------+-----------+------------+----------------+
; Analysis & Synthesis      ; ªü»²TUF          ; Windows 7 ; 6.2        ; x86_64         ;
; Fitter                    ; ªü»²TUF          ; Windows 7 ; 6.2        ; x86_64         ;
; Assembler                 ; ªü»²TUF          ; Windows 7 ; 6.2        ; x86_64         ;
; TimeQuest Timing Analyzer ; ªü»²TUF          ; Windows 7 ; 6.2        ; x86_64         ;
; EDA Netlist Writer        ; ªü»²TUF          ; Windows 7 ; 6.2        ; x86_64         ;
; EDA Netlist Writer        ; ªü»²TUF          ; Windows 7 ; 6.2        ; x86_64         ;
; EDA Netlist Writer        ; ªü»²TUF          ; Windows 7 ; 6.2        ; x86_64         ;
+---------------------------+------------------+-----------+------------+----------------+


------------
; Flow Log ;
------------
quartus_map --read_settings_files=on --write_settings_files=off HW3 -c HW3
quartus_fit --read_settings_files=off --write_settings_files=off HW3 -c HW3
quartus_asm --read_settings_files=off --write_settings_files=off HW3 -c HW3
quartus_sta HW3 -c HW3
quartus_eda --read_settings_files=off --write_settings_files=off HW3 -c HW3
quartus_eda --gen_testbench --check_outputs=on --tool=modelsim_oem --format=verilog HW3 -c HW3 --vector_source=C:/Users/dht98/Downloads/NKUST/NKUST_Digital_System_Design_110/111-1/1006/HW3/Waveform.vwf --testbench_file=./simulation/qsim/HW3.vt
quartus_eda --functional=on --simulation=on --tool=modelsim_oem --format=verilog HW3 -c HW3



